<?xml version="1.0" encoding="UTF-8"?>
<coverage generated="1742015672095" clover="3.2.0">
  <project timestamp="1742015672096" name="All files">
    <metrics statements="1046" coveredstatements="1043" conditionals="127" coveredconditionals="122" methods="59" coveredmethods="59" elements="1232" coveredelements="1224" complexity="0" loc="1046" ncloc="1046" packages="5" files="16" classes="16"/>
    <package name="src">
      <metrics statements="43" coveredstatements="43" conditionals="1" coveredconditionals="1" methods="1" coveredmethods="1"/>
      <file name="App.jsx" path="C:\Users\Nathan\Desktop\CSE186\asgn8\frontend\src\App.jsx">
        <metrics statements="43" coveredstatements="43" conditionals="1" coveredconditionals="1" methods="1" coveredmethods="1"/>
        <line num="12" count="1" type="stmt"/>
        <line num="13" count="1" type="stmt"/>
        <line num="14" count="1" type="stmt"/>
        <line num="15" count="1" type="stmt"/>
        <line num="16" count="1" type="stmt"/>
        <line num="17" count="1" type="stmt"/>
        <line num="18" count="1" type="stmt"/>
        <line num="19" count="1" type="stmt"/>
        <line num="20" count="1" type="stmt"/>
        <line num="21" count="1" type="stmt"/>
        <line num="27" count="1" type="cond" truecount="1" falsecount="0"/>
        <line num="28" count="1" type="stmt"/>
        <line num="29" count="1" type="stmt"/>
        <line num="30" count="1" type="stmt"/>
        <line num="31" count="1" type="stmt"/>
        <line num="32" count="1" type="stmt"/>
        <line num="33" count="1" type="stmt"/>
        <line num="34" count="1" type="stmt"/>
        <line num="35" count="1" type="stmt"/>
        <line num="36" count="1" type="stmt"/>
        <line num="37" count="1" type="stmt"/>
        <line num="38" count="1" type="stmt"/>
        <line num="39" count="1" type="stmt"/>
        <line num="40" count="1" type="stmt"/>
        <line num="41" count="1" type="stmt"/>
        <line num="42" count="1" type="stmt"/>
        <line num="44" count="1" type="stmt"/>
        <line num="53" count="1" type="stmt"/>
        <line num="54" count="1" type="stmt"/>
        <line num="55" count="1" type="stmt"/>
        <line num="56" count="1" type="stmt"/>
        <line num="57" count="1" type="stmt"/>
        <line num="58" count="1" type="stmt"/>
        <line num="60" count="1" type="stmt"/>
        <line num="61" count="1" type="stmt"/>
        <line num="62" count="1" type="stmt"/>
        <line num="63" count="1" type="stmt"/>
        <line num="64" count="1" type="stmt"/>
        <line num="65" count="1" type="stmt"/>
        <line num="66" count="1" type="stmt"/>
        <line num="67" count="1" type="stmt"/>
        <line num="69" count="1" type="stmt"/>
        <line num="71" count="1" type="stmt"/>
      </file>
    </package>
    <package name="src.__tests__">
      <metrics statements="125" coveredstatements="125" conditionals="10" coveredconditionals="10" methods="1" coveredmethods="1"/>
      <file name="mocks.js" path="C:\Users\Nathan\Desktop\CSE186\asgn8\frontend\src\__tests__\mocks.js">
        <metrics statements="125" coveredstatements="125" conditionals="10" coveredconditionals="10" methods="1" coveredmethods="1"/>
        <line num="1" count="1" type="stmt"/>
        <line num="2" count="1" type="stmt"/>
        <line num="3" count="1" type="stmt"/>
        <line num="4" count="1" type="stmt"/>
        <line num="6" count="1" type="stmt"/>
        <line num="8" count="1" type="stmt"/>
        <line num="10" count="1" type="stmt"/>
        <line num="11" count="1" type="stmt"/>
        <line num="12" count="1" type="stmt"/>
        <line num="13" count="1" type="stmt"/>
        <line num="14" count="1" type="stmt"/>
        <line num="15" count="1" type="stmt"/>
        <line num="16" count="1" type="stmt"/>
        <line num="17" count="1" type="stmt"/>
        <line num="18" count="1" type="stmt"/>
        <line num="19" count="1" type="stmt"/>
        <line num="20" count="1" type="stmt"/>
        <line num="21" count="1" type="stmt"/>
        <line num="22" count="1" type="stmt"/>
        <line num="23" count="1" type="stmt"/>
        <line num="24" count="1" type="stmt"/>
        <line num="25" count="1" type="stmt"/>
        <line num="26" count="1" type="stmt"/>
        <line num="27" count="1" type="stmt"/>
        <line num="28" count="1" type="stmt"/>
        <line num="29" count="1" type="stmt"/>
        <line num="30" count="1" type="stmt"/>
        <line num="31" count="1" type="stmt"/>
        <line num="32" count="1" type="stmt"/>
        <line num="33" count="1" type="stmt"/>
        <line num="34" count="1" type="stmt"/>
        <line num="35" count="1" type="stmt"/>
        <line num="36" count="1" type="stmt"/>
        <line num="37" count="1" type="stmt"/>
        <line num="38" count="1" type="stmt"/>
        <line num="39" count="1" type="stmt"/>
        <line num="40" count="1" type="stmt"/>
        <line num="41" count="1" type="stmt"/>
        <line num="43" count="1" type="stmt"/>
        <line num="44" count="1" type="stmt"/>
        <line num="45" count="1" type="stmt"/>
        <line num="46" count="1" type="stmt"/>
        <line num="47" count="1" type="stmt"/>
        <line num="49" count="1" type="stmt"/>
        <line num="50" count="1" type="stmt"/>
        <line num="51" count="1" type="stmt"/>
        <line num="52" count="1" type="stmt"/>
        <line num="53" count="1" type="stmt"/>
        <line num="54" count="1" type="stmt"/>
        <line num="56" count="1" type="stmt"/>
        <line num="57" count="1" type="stmt"/>
        <line num="58" count="1" type="stmt"/>
        <line num="59" count="1" type="stmt"/>
        <line num="60" count="1" type="stmt"/>
        <line num="61" count="1" type="stmt"/>
        <line num="62" count="1" type="stmt"/>
        <line num="63" count="1" type="stmt"/>
        <line num="64" count="1" type="stmt"/>
        <line num="65" count="1" type="stmt"/>
        <line num="66" count="1" type="stmt"/>
        <line num="68" count="1" type="stmt"/>
        <line num="70" count="1" type="cond" truecount="1" falsecount="0"/>
        <line num="71" count="24" type="stmt"/>
        <line num="72" count="24" type="cond" truecount="1" falsecount="0"/>
        <line num="73" count="2" type="stmt"/>
        <line num="75" count="2" type="cond" truecount="1" falsecount="0"/>
        <line num="76" count="1" type="stmt"/>
        <line num="77" count="1" type="stmt"/>
        <line num="78" count="1" type="stmt"/>
        <line num="79" count="1" type="stmt"/>
        <line num="80" count="1" type="stmt"/>
        <line num="81" count="1" type="stmt"/>
        <line num="82" count="1" type="stmt"/>
        <line num="83" count="24" type="stmt"/>
        <line num="84" count="24" type="stmt"/>
        <line num="85" count="24" type="cond" truecount="1" falsecount="0"/>
        <line num="86" count="24" type="stmt"/>
        <line num="87" count="24" type="stmt"/>
        <line num="88" count="24" type="cond" truecount="1" falsecount="0"/>
        <line num="89" count="24" type="stmt"/>
        <line num="90" count="24" type="stmt"/>
        <line num="91" count="24" type="cond" truecount="1" falsecount="0"/>
        <line num="92" count="24" type="stmt"/>
        <line num="93" count="24" type="stmt"/>
        <line num="94" count="24" type="cond" truecount="1" falsecount="0"/>
        <line num="95" count="24" type="stmt"/>
        <line num="96" count="24" type="stmt"/>
        <line num="97" count="24" type="cond" truecount="1" falsecount="0"/>
        <line num="98" count="1" type="stmt"/>
        <line num="99" count="1" type="stmt"/>
        <line num="100" count="24" type="stmt"/>
        <line num="101" count="24" type="cond" truecount="1" falsecount="0"/>
        <line num="102" count="24" type="stmt"/>
        <line num="103" count="24" type="stmt"/>
        <line num="104" count="24" type="cond" truecount="1" falsecount="0"/>
        <line num="105" count="2" type="stmt"/>
        <line num="106" count="2" type="stmt"/>
        <line num="107" count="24" type="stmt"/>
        <line num="108" count="24" type="stmt"/>
        <line num="109" count="24" type="stmt"/>
        <line num="110" count="24" type="stmt"/>
        <line num="111" count="24" type="stmt"/>
        <line num="112" count="24" type="stmt"/>
        <line num="113" count="24" type="stmt"/>
        <line num="115" count="24" type="stmt"/>
        <line num="116" count="24" type="stmt"/>
        <line num="117" count="24" type="stmt"/>
        <line num="118" count="24" type="stmt"/>
        <line num="119" count="24" type="stmt"/>
        <line num="120" count="24" type="stmt"/>
        <line num="121" count="24" type="stmt"/>
        <line num="123" count="1" type="stmt"/>
        <line num="124" count="1" type="stmt"/>
        <line num="125" count="1" type="stmt"/>
        <line num="126" count="1" type="stmt"/>
        <line num="127" count="1" type="stmt"/>
        <line num="128" count="1" type="stmt"/>
        <line num="129" count="1" type="stmt"/>
        <line num="131" count="1" type="stmt"/>
        <line num="132" count="1" type="stmt"/>
        <line num="133" count="1" type="stmt"/>
        <line num="134" count="1" type="stmt"/>
        <line num="135" count="1" type="stmt"/>
        <line num="136" count="1" type="stmt"/>
        <line num="137" count="1" type="stmt"/>
      </file>
    </package>
    <package name="src.components">
      <metrics statements="349" coveredstatements="349" conditionals="55" coveredconditionals="55" methods="24" coveredmethods="24"/>
      <file name="BottomNav.jsx" path="C:\Users\Nathan\Desktop\CSE186\asgn8\frontend\src\components\BottomNav.jsx">
        <metrics statements="33" coveredstatements="33" conditionals="3" coveredconditionals="3" methods="3" coveredmethods="3"/>
        <line num="1" count="1" type="stmt"/>
        <line num="2" count="1" type="stmt"/>
        <line num="3" count="1" type="stmt"/>
        <line num="4" count="1" type="stmt"/>
        <line num="5" count="1" type="stmt"/>
        <line num="7" count="1" type="cond" truecount="1" falsecount="0"/>
        <line num="8" count="5" type="stmt"/>
        <line num="9" count="5" type="stmt"/>
        <line num="11" count="5" type="stmt"/>
        <line num="12" count="5" type="stmt"/>
        <line num="13" count="5" type="stmt"/>
        <line num="14" count="5" type="stmt"/>
        <line num="15" count="5" type="stmt"/>
        <line num="16" count="5" type="cond" truecount="1" falsecount="0"/>
        <line num="17" count="5" type="stmt"/>
        <line num="19" count="5" type="stmt"/>
        <line num="21" count="5" type="stmt"/>
        <line num="22" count="5" type="stmt"/>
        <line num="23" count="5" type="stmt"/>
        <line num="24" count="5" type="cond" truecount="1" falsecount="0"/>
        <line num="25" count="5" type="stmt"/>
        <line num="26" count="5" type="stmt"/>
        <line num="27" count="5" type="stmt"/>
        <line num="28" count="5" type="stmt"/>
        <line num="29" count="5" type="stmt"/>
        <line num="30" count="5" type="stmt"/>
        <line num="31" count="5" type="stmt"/>
        <line num="32" count="5" type="stmt"/>
        <line num="33" count="5" type="stmt"/>
        <line num="34" count="5" type="stmt"/>
        <line num="35" count="5" type="stmt"/>
        <line num="37" count="5" type="stmt"/>
        <line num="39" count="1" type="stmt"/>
      </file>
      <file name="Channels.jsx" path="C:\Users\Nathan\Desktop\CSE186\asgn8\frontend\src\components\Channels.jsx">
        <metrics statements="137" coveredstatements="137" conditionals="18" coveredconditionals="18" methods="8" coveredmethods="8"/>
        <line num="1" count="1" type="stmt"/>
        <line num="2" count="1" type="stmt"/>
        <line num="17" count="1" type="stmt"/>
        <line num="18" count="1" type="stmt"/>
        <line num="19" count="1" type="stmt"/>
        <line num="20" count="1" type="stmt"/>
        <line num="22" count="1" type="cond" truecount="1" falsecount="0"/>
        <line num="23" count="96" type="stmt"/>
        <line num="24" count="96" type="stmt"/>
        <line num="25" count="96" type="stmt"/>
        <line num="26" count="96" type="stmt"/>
        <line num="27" count="96" type="stmt"/>
        <line num="28" count="96" type="stmt"/>
        <line num="29" count="96" type="stmt"/>
        <line num="30" count="96" type="stmt"/>
        <line num="31" count="96" type="stmt"/>
        <line num="34" count="96" type="cond" truecount="1" falsecount="0"/>
        <line num="35" count="15" type="stmt"/>
        <line num="36" count="96" type="stmt"/>
        <line num="39" count="96" type="cond" truecount="1" falsecount="0"/>
        <line num="40" count="9" type="stmt"/>
        <line num="41" count="9" type="stmt"/>
        <line num="42" count="9" type="stmt"/>
        <line num="43" count="96" type="stmt"/>
        <line num="46" count="96" type="cond" truecount="1" falsecount="0"/>
        <line num="47" count="4" type="cond" truecount="1" falsecount="0"/>
        <line num="48" count="4" type="stmt"/>
        <line num="49" count="4" type="stmt"/>
        <line num="50" count="4" type="stmt"/>
        <line num="51" count="4" type="stmt"/>
        <line num="52" count="4" type="stmt"/>
        <line num="53" count="4" type="stmt"/>
        <line num="54" count="4" type="stmt"/>
        <line num="55" count="4" type="stmt"/>
        <line num="56" count="4" type="stmt"/>
        <line num="58" count="96" type="cond" truecount="1" falsecount="0"/>
        <line num="59" count="1" type="stmt"/>
        <line num="60" count="1" type="stmt"/>
        <line num="63" count="96" type="cond" truecount="1" falsecount="0"/>
        <line num="64" count="1" type="stmt"/>
        <line num="65" count="1" type="stmt"/>
        <line num="66" count="1" type="stmt"/>
        <line num="67" count="1" type="stmt"/>
        <line num="70" count="96" type="cond" truecount="1" falsecount="0"/>
        <line num="71" count="1" type="stmt"/>
        <line num="72" count="1" type="stmt"/>
        <line num="73" count="1" type="stmt"/>
        <line num="74" count="1" type="stmt"/>
        <line num="77" count="96" type="cond" truecount="1" falsecount="0"/>
        <line num="78" count="24" type="cond" truecount="1" falsecount="0"/>
        <line num="79" count="96" type="stmt"/>
        <line num="81" count="96" type="stmt"/>
        <line num="82" count="96" type="stmt"/>
        <line num="84" count="96" type="stmt"/>
        <line num="85" count="96" type="stmt"/>
        <line num="86" count="96" type="stmt"/>
        <line num="87" count="96" type="stmt"/>
        <line num="88" count="96" type="stmt"/>
        <line num="89" count="96" type="stmt"/>
        <line num="90" count="96" type="stmt"/>
        <line num="92" count="96" type="stmt"/>
        <line num="94" count="96" type="stmt"/>
        <line num="96" count="96" type="stmt"/>
        <line num="97" count="96" type="stmt"/>
        <line num="98" count="96" type="stmt"/>
        <line num="99" count="96" type="stmt"/>
        <line num="100" count="96" type="stmt"/>
        <line num="102" count="96" type="stmt"/>
        <line num="103" count="96" type="stmt"/>
        <line num="104" count="96" type="stmt"/>
        <line num="107" count="96" type="stmt"/>
        <line num="108" count="96" type="cond" truecount="1" falsecount="0"/>
        <line num="109" count="74" type="stmt"/>
        <line num="110" count="74" type="stmt"/>
        <line num="111" count="74" type="stmt"/>
        <line num="112" count="74" type="cond" truecount="1" falsecount="0"/>
        <line num="113" count="74" type="stmt"/>
        <line num="114" count="74" type="stmt"/>
        <line num="115" count="74" type="stmt"/>
        <line num="116" count="74" type="stmt"/>
        <line num="117" count="74" type="stmt"/>
        <line num="118" count="74" type="stmt"/>
        <line num="119" count="74" type="stmt"/>
        <line num="121" count="74" type="stmt"/>
        <line num="122" count="74" type="stmt"/>
        <line num="123" count="74" type="stmt"/>
        <line num="124" count="74" type="stmt"/>
        <line num="125" count="74" type="stmt"/>
        <line num="126" count="96" type="stmt"/>
        <line num="127" count="96" type="stmt"/>
        <line num="128" count="96" type="stmt"/>
        <line num="131" count="96" type="stmt"/>
        <line num="132" count="96" type="stmt"/>
        <line num="133" count="96" type="stmt"/>
        <line num="134" count="96" type="stmt"/>
        <line num="135" count="96" type="stmt"/>
        <line num="136" count="96" type="stmt"/>
        <line num="137" count="96" type="stmt"/>
        <line num="138" count="96" type="stmt"/>
        <line num="139" count="96" type="stmt"/>
        <line num="140" count="96" type="stmt"/>
        <line num="141" count="96" type="stmt"/>
        <line num="142" count="96" type="stmt"/>
        <line num="143" count="96" type="cond" truecount="1" falsecount="0"/>
        <line num="144" count="96" type="stmt"/>
        <line num="145" count="96" type="cond" truecount="2" falsecount="0"/>
        <line num="146" count="96" type="stmt"/>
        <line num="147" count="96" type="stmt"/>
        <line num="148" count="96" type="stmt"/>
        <line num="149" count="96" type="stmt"/>
        <line num="150" count="96" type="stmt"/>
        <line num="151" count="96" type="stmt"/>
        <line num="152" count="96" type="stmt"/>
        <line num="153" count="96" type="stmt"/>
        <line num="154" count="96" type="stmt"/>
        <line num="155" count="96" type="stmt"/>
        <line num="156" count="96" type="cond" truecount="1" falsecount="0"/>
        <line num="157" count="96" type="stmt"/>
        <line num="158" count="96" type="stmt"/>
        <line num="159" count="96" type="cond" truecount="2" falsecount="0"/>
        <line num="160" count="96" type="stmt"/>
        <line num="161" count="96" type="stmt"/>
        <line num="162" count="96" type="stmt"/>
        <line num="163" count="96" type="stmt"/>
        <line num="165" count="96" type="stmt"/>
        <line num="166" count="96" type="stmt"/>
        <line num="167" count="96" type="stmt"/>
        <line num="168" count="96" type="stmt"/>
        <line num="169" count="96" type="stmt"/>
        <line num="170" count="96" type="stmt"/>
        <line num="171" count="96" type="stmt"/>
        <line num="173" count="96" type="stmt"/>
        <line num="174" count="96" type="stmt"/>
        <line num="175" count="96" type="stmt"/>
        <line num="176" count="96" type="stmt"/>
        <line num="178" count="96" type="stmt"/>
        <line num="180" count="1" type="stmt"/>
      </file>
      <file name="SideNav.jsx" path="C:\Users\Nathan\Desktop\CSE186\asgn8\frontend\src\components\SideNav.jsx">
        <metrics statements="25" coveredstatements="25" conditionals="7" coveredconditionals="7" methods="1" coveredmethods="1"/>
        <line num="1" count="1" type="stmt"/>
        <line num="7" count="1" type="stmt"/>
        <line num="9" count="1" type="cond" truecount="1" falsecount="0"/>
        <line num="10" count="52" type="stmt"/>
        <line num="11" count="52" type="stmt"/>
        <line num="13" count="52" type="stmt"/>
        <line num="14" count="52" type="stmt"/>
        <line num="15" count="52" type="cond" truecount="2" falsecount="0"/>
        <line num="16" count="52" type="stmt"/>
        <line num="17" count="52" type="stmt"/>
        <line num="18" count="52" type="cond" truecount="2" falsecount="0"/>
        <line num="19" count="52" type="stmt"/>
        <line num="20" count="52" type="stmt"/>
        <line num="21" count="52" type="cond" truecount="2" falsecount="0"/>
        <line num="22" count="52" type="stmt"/>
        <line num="23" count="52" type="stmt"/>
        <line num="24" count="52" type="stmt"/>
        <line num="25" count="52" type="stmt"/>
        <line num="26" count="52" type="stmt"/>
        <line num="27" count="52" type="stmt"/>
        <line num="29" count="52" type="stmt"/>
        <line num="30" count="52" type="stmt"/>
        <line num="31" count="52" type="stmt"/>
        <line num="33" count="52" type="stmt"/>
        <line num="35" count="1" type="stmt"/>
      </file>
      <file name="TopBar.jsx" path="C:\Users\Nathan\Desktop\CSE186\asgn8\frontend\src\components\TopBar.jsx">
        <metrics statements="18" coveredstatements="18" conditionals="4" coveredconditionals="4" methods="2" coveredmethods="2"/>
        <line num="1" count="1" type="stmt"/>
        <line num="2" count="1" type="stmt"/>
        <line num="3" count="1" type="stmt"/>
        <line num="4" count="1" type="stmt"/>
        <line num="6" count="1" type="cond" truecount="1" falsecount="0"/>
        <line num="7" count="61" type="stmt"/>
        <line num="8" count="61" type="stmt"/>
        <line num="10" count="61" type="stmt"/>
        <line num="11" count="61" type="cond" truecount="1" falsecount="0"/>
        <line num="12" count="61" type="stmt"/>
        <line num="14" count="61" type="stmt"/>
        <line num="15" count="61" type="cond" truecount="2" falsecount="0"/>
        <line num="16" count="61" type="stmt"/>
        <line num="19" count="61" type="stmt"/>
        <line num="20" count="61" type="stmt"/>
        <line num="21" count="61" type="stmt"/>
        <line num="23" count="61" type="stmt"/>
        <line num="25" count="1" type="stmt"/>
      </file>
      <file name="WorkspaceDropdown.jsx" path="C:\Users\Nathan\Desktop\CSE186\asgn8\frontend\src\components\WorkspaceDropdown.jsx">
        <metrics statements="136" coveredstatements="136" conditionals="23" coveredconditionals="23" methods="10" coveredmethods="10"/>
        <line num="1" count="1" type="stmt"/>
        <line num="2" count="1" type="stmt"/>
        <line num="15" count="1" type="stmt"/>
        <line num="16" count="1" type="stmt"/>
        <line num="17" count="1" type="stmt"/>
        <line num="19" count="1" type="cond" truecount="1" falsecount="0"/>
        <line num="20" count="129" type="stmt"/>
        <line num="21" count="129" type="stmt"/>
        <line num="22" count="129" type="stmt"/>
        <line num="23" count="129" type="stmt"/>
        <line num="24" count="129" type="stmt"/>
        <line num="25" count="129" type="stmt"/>
        <line num="27" count="129" type="stmt"/>
        <line num="28" count="129" type="stmt"/>
        <line num="30" count="129" type="cond" truecount="1" falsecount="0"/>
        <line num="31" count="14" type="stmt"/>
        <line num="32" count="129" type="stmt"/>
        <line num="34" count="129" type="stmt"/>
        <line num="36" count="129" type="cond" truecount="1" falsecount="0"/>
        <line num="37" count="13" type="stmt"/>
        <line num="38" count="13" type="stmt"/>
        <line num="40" count="129" type="cond" truecount="1" falsecount="0"/>
        <line num="41" count="11" type="stmt"/>
        <line num="42" count="11" type="stmt"/>
        <line num="44" count="129" type="cond" truecount="1" falsecount="0"/>
        <line num="45" count="4" type="stmt"/>
        <line num="46" count="4" type="stmt"/>
        <line num="47" count="4" type="stmt"/>
        <line num="49" count="129" type="cond" truecount="1" falsecount="0"/>
        <line num="50" count="2" type="stmt"/>
        <line num="51" count="2" type="stmt"/>
        <line num="52" count="2" type="stmt"/>
        <line num="53" count="2" type="stmt"/>
        <line num="55" count="129" type="cond" truecount="1" falsecount="0"/>
        <line num="56" count="1" type="stmt"/>
        <line num="57" count="1" type="stmt"/>
        <line num="58" count="1" type="stmt"/>
        <line num="59" count="1" type="stmt"/>
        <line num="60" count="1" type="stmt"/>
        <line num="61" count="1" type="stmt"/>
        <line num="62" count="1" type="stmt"/>
        <line num="63" count="1" type="stmt"/>
        <line num="64" count="1" type="stmt"/>
        <line num="65" count="1" type="stmt"/>
        <line num="66" count="1" type="stmt"/>
        <line num="68" count="129" type="cond" truecount="1" falsecount="0"/>
        <line num="69" count="7" type="stmt"/>
        <line num="70" count="7" type="cond" truecount="1" falsecount="0"/>
        <line num="71" count="7" type="stmt"/>
        <line num="72" count="7" type="stmt"/>
        <line num="73" count="7" type="stmt"/>
        <line num="74" count="7" type="stmt"/>
        <line num="75" count="7" type="stmt"/>
        <line num="76" count="7" type="stmt"/>
        <line num="77" count="7" type="stmt"/>
        <line num="79" count="7" type="stmt"/>
        <line num="80" count="7" type="stmt"/>
        <line num="81" count="7" type="stmt"/>
        <line num="83" count="129" type="cond" truecount="1" falsecount="0"/>
        <line num="84" count="31" type="stmt"/>
        <line num="85" count="31" type="cond" truecount="1" falsecount="0"/>
        <line num="86" count="31" type="stmt"/>
        <line num="87" count="129" type="stmt"/>
        <line num="89" count="129" type="stmt"/>
        <line num="90" count="129" type="stmt"/>
        <line num="91" count="129" type="stmt"/>
        <line num="92" count="129" type="stmt"/>
        <line num="93" count="129" type="stmt"/>
        <line num="94" count="129" type="cond" truecount="2" falsecount="0"/>
        <line num="95" count="129" type="stmt"/>
        <line num="96" count="129" type="cond" truecount="2" falsecount="0"/>
        <line num="97" count="129" type="stmt"/>
        <line num="99" count="129" type="stmt"/>
        <line num="100" count="129" type="stmt"/>
        <line num="101" count="129" type="stmt"/>
        <line num="103" count="129" type="cond" truecount="1" falsecount="0"/>
        <line num="104" count="182" type="stmt"/>
        <line num="105" count="182" type="stmt"/>
        <line num="106" count="182" type="cond" truecount="1" falsecount="0"/>
        <line num="107" count="182" type="stmt"/>
        <line num="109" count="182" type="stmt"/>
        <line num="110" count="182" type="stmt"/>
        <line num="111" count="129" type="stmt"/>
        <line num="114" count="129" type="stmt"/>
        <line num="117" count="129" type="stmt"/>
        <line num="118" count="129" type="stmt"/>
        <line num="119" count="129" type="stmt"/>
        <line num="121" count="129" type="stmt"/>
        <line num="122" count="129" type="stmt"/>
        <line num="123" count="129" type="stmt"/>
        <line num="126" count="129" type="stmt"/>
        <line num="127" count="129" type="stmt"/>
        <line num="128" count="129" type="stmt"/>
        <line num="129" count="129" type="stmt"/>
        <line num="130" count="129" type="stmt"/>
        <line num="131" count="129" type="stmt"/>
        <line num="132" count="129" type="stmt"/>
        <line num="133" count="129" type="stmt"/>
        <line num="134" count="129" type="stmt"/>
        <line num="135" count="129" type="stmt"/>
        <line num="136" count="129" type="stmt"/>
        <line num="137" count="129" type="stmt"/>
        <line num="138" count="129" type="cond" truecount="1" falsecount="0"/>
        <line num="139" count="129" type="stmt"/>
        <line num="140" count="129" type="stmt"/>
        <line num="141" count="129" type="cond" truecount="2" falsecount="0"/>
        <line num="143" count="129" type="stmt"/>
        <line num="144" count="129" type="stmt"/>
        <line num="145" count="129" type="stmt"/>
        <line num="146" count="129" type="stmt"/>
        <line num="147" count="129" type="stmt"/>
        <line num="148" count="129" type="stmt"/>
        <line num="149" count="129" type="stmt"/>
        <line num="150" count="129" type="stmt"/>
        <line num="151" count="129" type="stmt"/>
        <line num="152" count="129" type="cond" truecount="1" falsecount="0"/>
        <line num="153" count="129" type="stmt"/>
        <line num="154" count="129" type="stmt"/>
        <line num="155" count="129" type="stmt"/>
        <line num="156" count="129" type="cond" truecount="2" falsecount="0"/>
        <line num="158" count="129" type="stmt"/>
        <line num="159" count="129" type="stmt"/>
        <line num="160" count="129" type="stmt"/>
        <line num="161" count="129" type="stmt"/>
        <line num="163" count="129" type="stmt"/>
        <line num="164" count="129" type="stmt"/>
        <line num="165" count="129" type="stmt"/>
        <line num="166" count="129" type="stmt"/>
        <line num="167" count="129" type="stmt"/>
        <line num="168" count="129" type="stmt"/>
        <line num="170" count="129" type="stmt"/>
        <line num="171" count="129" type="stmt"/>
        <line num="172" count="129" type="stmt"/>
        <line num="173" count="129" type="stmt"/>
        <line num="175" count="129" type="stmt"/>
        <line num="177" count="1" type="stmt"/>
      </file>
    </package>
    <package name="src.context">
      <metrics statements="232" coveredstatements="231" conditionals="28" coveredconditionals="27" methods="20" coveredmethods="20"/>
      <file name="AuthContext.jsx" path="C:\Users\Nathan\Desktop\CSE186\asgn8\frontend\src\context\AuthContext.jsx">
        <metrics statements="44" coveredstatements="44" conditionals="6" coveredconditionals="6" methods="5" coveredmethods="5"/>
        <line num="1" count="1" type="stmt"/>
        <line num="2" count="1" type="stmt"/>
        <line num="4" count="1" type="stmt"/>
        <line num="6" count="1" type="cond" truecount="1" falsecount="0"/>
        <line num="7" count="22" type="stmt"/>
        <line num="8" count="22" type="stmt"/>
        <line num="10" count="22" type="cond" truecount="1" falsecount="0"/>
        <line num="11" count="2" type="stmt"/>
        <line num="12" count="2" type="stmt"/>
        <line num="13" count="2" type="stmt"/>
        <line num="14" count="2" type="stmt"/>
        <line num="15" count="2" type="stmt"/>
        <line num="16" count="2" type="stmt"/>
        <line num="17" count="2" type="stmt"/>
        <line num="18" count="2" type="stmt"/>
        <line num="20" count="2" type="cond" truecount="1" falsecount="0"/>
        <line num="21" count="1" type="stmt"/>
        <line num="22" count="1" type="stmt"/>
        <line num="24" count="1" type="stmt"/>
        <line num="25" count="1" type="stmt"/>
        <line num="26" count="1" type="stmt"/>
        <line num="27" count="1" type="stmt"/>
        <line num="28" count="2" type="stmt"/>
        <line num="30" count="22" type="cond" truecount="1" falsecount="0"/>
        <line num="31" count="1" type="stmt"/>
        <line num="32" count="1" type="stmt"/>
        <line num="33" count="1" type="stmt"/>
        <line num="34" count="1" type="stmt"/>
        <line num="35" count="1" type="stmt"/>
        <line num="36" count="1" type="stmt"/>
        <line num="37" count="1" type="stmt"/>
        <line num="39" count="22" type="cond" truecount="1" falsecount="0"/>
        <line num="40" count="1" type="stmt"/>
        <line num="41" count="1" type="stmt"/>
        <line num="42" count="1" type="stmt"/>
        <line num="44" count="22" type="stmt"/>
        <line num="45" count="22" type="stmt"/>
        <line num="46" count="22" type="stmt"/>
        <line num="47" count="22" type="stmt"/>
        <line num="49" count="22" type="stmt"/>
        <line num="51" count="1" type="stmt"/>
        <line num="52" count="1" type="stmt"/>
        <line num="53" count="1" type="stmt"/>
        <line num="55" count="1" type="cond" truecount="1" falsecount="0"/>
      </file>
      <file name="ChannelsContext.jsx" path="C:\Users\Nathan\Desktop\CSE186\asgn8\frontend\src\context\ChannelsContext.jsx">
        <metrics statements="51" coveredstatements="51" conditionals="7" coveredconditionals="7" methods="4" coveredmethods="4"/>
        <line num="1" count="1" type="stmt"/>
        <line num="2" count="1" type="stmt"/>
        <line num="3" count="1" type="stmt"/>
        <line num="5" count="1" type="stmt"/>
        <line num="7" count="1" type="cond" truecount="1" falsecount="0"/>
        <line num="8" count="43" type="stmt"/>
        <line num="9" count="43" type="stmt"/>
        <line num="10" count="43" type="stmt"/>
        <line num="11" count="43" type="stmt"/>
        <line num="12" count="43" type="stmt"/>
        <line num="13" count="43" type="stmt"/>
        <line num="15" count="43" type="cond" truecount="1" falsecount="0"/>
        <line num="16" count="17" type="cond" truecount="3" falsecount="0"/>
        <line num="18" count="8" type="stmt"/>
        <line num="19" count="8" type="stmt"/>
        <line num="20" count="8" type="stmt"/>
        <line num="21" count="8" type="stmt"/>
        <line num="22" count="8" type="stmt"/>
        <line num="23" count="8" type="stmt"/>
        <line num="25" count="8" type="stmt"/>
        <line num="26" count="8" type="stmt"/>
        <line num="27" count="17" type="stmt"/>
        <line num="29" count="43" type="cond" truecount="1" falsecount="0"/>
        <line num="30" count="1" type="stmt"/>
        <line num="31" count="1" type="stmt"/>
        <line num="32" count="1" type="stmt"/>
        <line num="33" count="1" type="stmt"/>
        <line num="34" count="1" type="stmt"/>
        <line num="35" count="1" type="stmt"/>
        <line num="36" count="1" type="stmt"/>
        <line num="37" count="1" type="stmt"/>
        <line num="38" count="1" type="stmt"/>
        <line num="39" count="1" type="stmt"/>
        <line num="40" count="1" type="stmt"/>
        <line num="42" count="1" type="stmt"/>
        <line num="43" count="1" type="stmt"/>
        <line num="45" count="43" type="stmt"/>
        <line num="46" count="43" type="stmt"/>
        <line num="47" count="43" type="stmt"/>
        <line num="48" count="43" type="stmt"/>
        <line num="49" count="43" type="stmt"/>
        <line num="50" count="43" type="stmt"/>
        <line num="51" count="43" type="stmt"/>
        <line num="52" count="43" type="stmt"/>
        <line num="53" count="43" type="stmt"/>
        <line num="54" count="43" type="stmt"/>
        <line num="56" count="43" type="stmt"/>
        <line num="58" count="1" type="stmt"/>
        <line num="59" count="1" type="stmt"/>
        <line num="60" count="1" type="stmt"/>
        <line num="62" count="1" type="cond" truecount="1" falsecount="0"/>
      </file>
      <file name="IsMobileContext.jsx" path="C:\Users\Nathan\Desktop\CSE186\asgn8\frontend\src\context\IsMobileContext.jsx">
        <metrics statements="17" coveredstatements="17" conditionals="2" coveredconditionals="2" methods="2" coveredmethods="2"/>
        <line num="1" count="1" type="stmt"/>
        <line num="2" count="1" type="stmt"/>
        <line num="3" count="1" type="stmt"/>
        <line num="4" count="1" type="stmt"/>
        <line num="6" count="1" type="stmt"/>
        <line num="8" count="1" type="cond" truecount="1" falsecount="0"/>
        <line num="9" count="1" type="stmt"/>
        <line num="10" count="1" type="stmt"/>
        <line num="12" count="1" type="stmt"/>
        <line num="13" count="1" type="stmt"/>
        <line num="14" count="1" type="stmt"/>
        <line num="15" count="1" type="stmt"/>
        <line num="17" count="1" type="stmt"/>
        <line num="19" count="1" type="stmt"/>
        <line num="20" count="1" type="stmt"/>
        <line num="21" count="1" type="stmt"/>
        <line num="23" count="1" type="cond" truecount="1" falsecount="0"/>
      </file>
      <file name="MessagesContext.jsx" path="C:\Users\Nathan\Desktop\CSE186\asgn8\frontend\src\context\MessagesContext.jsx">
        <metrics statements="58" coveredstatements="57" conditionals="8" coveredconditionals="7" methods="5" coveredmethods="5"/>
        <line num="1" count="1" type="stmt"/>
        <line num="2" count="1" type="stmt"/>
        <line num="3" count="1" type="stmt"/>
        <line num="6" count="1" type="stmt"/>
        <line num="9" count="1" type="cond" truecount="1" falsecount="0"/>
        <line num="10" count="23" type="stmt"/>
        <line num="11" count="23" type="stmt"/>
        <line num="12" count="23" type="stmt"/>
        <line num="13" count="23" type="stmt"/>
        <line num="15" count="23" type="cond" truecount="1" falsecount="0"/>
        <line num="16" count="6" type="stmt"/>
        <line num="17" count="6" type="stmt"/>
        <line num="18" count="6" type="stmt"/>
        <line num="19" count="6" type="stmt"/>
        <line num="20" count="6" type="stmt"/>
        <line num="21" count="6" type="stmt"/>
        <line num="22" count="6" type="cond" truecount="1" falsecount="0"/>
        <line num="24" count="5" type="stmt"/>
        <line num="25" count="5" type="stmt"/>
        <line num="27" count="5" type="stmt"/>
        <line num="28" count="6" type="stmt"/>
        <line num="30" count="23" type="cond" truecount="1" falsecount="0"/>
        <line num="31" count="2" type="stmt"/>
        <line num="32" count="2" type="stmt"/>
        <line num="33" count="2" type="stmt"/>
        <line num="34" count="2" type="stmt"/>
        <line num="35" count="2" type="stmt"/>
        <line num="36" count="2" type="stmt"/>
        <line num="37" count="2" type="stmt"/>
        <line num="38" count="2" type="stmt"/>
        <line num="40" count="2" type="stmt"/>
        <line num="41" count="2" type="cond" truecount="1" falsecount="0"/>
        <line num="42" count="1" type="stmt"/>
        <line num="43" count="2" type="stmt"/>
        <line num="45" count="23" type="cond" truecount="1" falsecount="0"/>
        <line num="46" count="1" type="stmt"/>
        <line num="47" count="1" type="stmt"/>
        <line num="48" count="1" type="stmt"/>
        <line num="49" count="1" type="stmt"/>
        <line num="50" count="1" type="stmt"/>
        <line num="51" count="1" type="cond" truecount="0" falsecount="1"/>
        <line num="53" count="0" type="stmt"/>
        <line num="54" count="1" type="stmt"/>
        <line num="56" count="23" type="stmt"/>
        <line num="57" count="23" type="stmt"/>
        <line num="58" count="23" type="stmt"/>
        <line num="59" count="23" type="stmt"/>
        <line num="60" count="23" type="stmt"/>
        <line num="61" count="23" type="stmt"/>
        <line num="62" count="23" type="stmt"/>
        <line num="63" count="23" type="stmt"/>
        <line num="64" count="23" type="stmt"/>
        <line num="65" count="23" type="stmt"/>
        <line num="67" count="23" type="stmt"/>
        <line num="69" count="1" type="stmt"/>
        <line num="70" count="1" type="stmt"/>
        <line num="71" count="1" type="stmt"/>
        <line num="74" count="1" type="cond" truecount="1" falsecount="0"/>
      </file>
      <file name="WorkspaceContext.jsx" path="C:\Users\Nathan\Desktop\CSE186\asgn8\frontend\src\context\WorkspaceContext.jsx">
        <metrics statements="62" coveredstatements="62" conditionals="5" coveredconditionals="5" methods="4" coveredmethods="4"/>
        <line num="1" count="1" type="stmt"/>
        <line num="2" count="1" type="stmt"/>
        <line num="4" count="1" type="stmt"/>
        <line num="6" count="1" type="cond" truecount="1" falsecount="0"/>
        <line num="7" count="37" type="stmt"/>
        <line num="8" count="37" type="stmt"/>
        <line num="9" count="37" type="stmt"/>
        <line num="10" count="37" type="stmt"/>
        <line num="11" count="37" type="stmt"/>
        <line num="12" count="37" type="stmt"/>
        <line num="14" count="37" type="cond" truecount="1" falsecount="0"/>
        <line num="15" count="15" type="stmt"/>
        <line num="16" count="15" type="stmt"/>
        <line num="17" count="15" type="stmt"/>
        <line num="18" count="15" type="stmt"/>
        <line num="19" count="15" type="stmt"/>
        <line num="20" count="15" type="stmt"/>
        <line num="22" count="15" type="stmt"/>
        <line num="23" count="15" type="stmt"/>
        <line num="25" count="15" type="stmt"/>
        <line num="27" count="15" type="cond" truecount="1" falsecount="0"/>
        <line num="28" count="14" type="stmt"/>
        <line num="29" count="14" type="stmt"/>
        <line num="30" count="14" type="stmt"/>
        <line num="31" count="14" type="stmt"/>
        <line num="32" count="14" type="stmt"/>
        <line num="33" count="14" type="stmt"/>
        <line num="34" count="15" type="stmt"/>
        <line num="36" count="37" type="stmt"/>
        <line num="38" count="37" type="cond" truecount="1" falsecount="0"/>
        <line num="39" count="1" type="stmt"/>
        <line num="40" count="1" type="stmt"/>
        <line num="41" count="1" type="stmt"/>
        <line num="42" count="1" type="stmt"/>
        <line num="43" count="1" type="stmt"/>
        <line num="44" count="1" type="stmt"/>
        <line num="45" count="1" type="stmt"/>
        <line num="46" count="1" type="stmt"/>
        <line num="47" count="1" type="stmt"/>
        <line num="48" count="1" type="stmt"/>
        <line num="49" count="1" type="stmt"/>
        <line num="51" count="1" type="stmt"/>
        <line num="52" count="1" type="stmt"/>
        <line num="53" count="1" type="stmt"/>
        <line num="54" count="1" type="stmt"/>
        <line num="56" count="37" type="stmt"/>
        <line num="57" count="37" type="stmt"/>
        <line num="58" count="37" type="stmt"/>
        <line num="59" count="37" type="stmt"/>
        <line num="60" count="37" type="stmt"/>
        <line num="61" count="37" type="stmt"/>
        <line num="62" count="37" type="stmt"/>
        <line num="63" count="37" type="stmt"/>
        <line num="64" count="37" type="stmt"/>
        <line num="65" count="37" type="stmt"/>
        <line num="67" count="37" type="stmt"/>
        <line num="68" count="37" type="stmt"/>
        <line num="70" count="37" type="stmt"/>
        <line num="72" count="1" type="stmt"/>
        <line num="73" count="1" type="stmt"/>
        <line num="74" count="1" type="stmt"/>
        <line num="76" count="1" type="cond" truecount="1" falsecount="0"/>
      </file>
    </package>
    <package name="src.routes">
      <metrics statements="297" coveredstatements="295" conditionals="33" coveredconditionals="29" methods="13" coveredmethods="13"/>
      <file name="Channel.jsx" path="C:\Users\Nathan\Desktop\CSE186\asgn8\frontend\src\routes\Channel.jsx">
        <metrics statements="175" coveredstatements="173" conditionals="24" coveredconditionals="20" methods="7" coveredmethods="7"/>
        <line num="1" count="1" type="stmt"/>
        <line num="2" count="1" type="stmt"/>
        <line num="12" count="1" type="stmt"/>
        <line num="13" count="1" type="stmt"/>
        <line num="14" count="1" type="stmt"/>
        <line num="15" count="1" type="stmt"/>
        <line num="16" count="1" type="stmt"/>
        <line num="17" count="1" type="stmt"/>
        <line num="18" count="1" type="stmt"/>
        <line num="19" count="1" type="stmt"/>
        <line num="21" count="1" type="cond" truecount="1" falsecount="0"/>
        <line num="22" count="46" type="stmt"/>
        <line num="23" count="46" type="stmt"/>
        <line num="24" count="46" type="stmt"/>
        <line num="25" count="46" type="stmt"/>
        <line num="26" count="46" type="stmt"/>
        <line num="27" count="46" type="stmt"/>
        <line num="28" count="46" type="stmt"/>
        <line num="30" count="46" type="stmt"/>
        <line num="32" count="46" type="cond" truecount="1" falsecount="0"/>
        <line num="33" count="6" type="cond" truecount="1" falsecount="0"/>
        <line num="34" count="3" type="stmt"/>
        <line num="35" count="3" type="stmt"/>
        <line num="36" count="46" type="stmt"/>
        <line num="39" count="46" type="cond" truecount="1" falsecount="0"/>
        <line num="40" count="7" type="stmt"/>
        <line num="41" count="7" type="stmt"/>
        <line num="42" count="7" type="stmt"/>
        <line num="43" count="7" type="cond" truecount="0" falsecount="1"/>
        <line num="44" count="0" type="stmt"/>
        <line num="45" count="0" type="stmt"/>
        <line num="46" count="46" type="stmt"/>
        <line num="49" count="46" type="cond" truecount="1" falsecount="0"/>
        <line num="50" count="2" type="stmt"/>
        <line num="51" count="2" type="cond" truecount="1" falsecount="0"/>
        <line num="52" count="1" type="stmt"/>
        <line num="53" count="1" type="stmt"/>
        <line num="54" count="1" type="stmt"/>
        <line num="55" count="2" type="stmt"/>
        <line num="58" count="46" type="cond" truecount="1" falsecount="0"/>
        <line num="59" count="46" type="stmt"/>
        <line num="61" count="46" type="cond" truecount="1" falsecount="0"/>
        <line num="62" count="42" type="stmt"/>
        <line num="63" count="42" type="cond" truecount="1" falsecount="0"/>
        <line num="64" count="28" type="stmt"/>
        <line num="65" count="28" type="stmt"/>
        <line num="66" count="42" type="stmt"/>
        <line num="67" count="46" type="stmt"/>
        <line num="69" count="46" type="stmt"/>
        <line num="70" count="46" type="stmt"/>
        <line num="73" count="46" type="cond" truecount="1" falsecount="0"/>
        <line num="74" count="28" type="stmt"/>
        <line num="75" count="28" type="stmt"/>
        <line num="76" count="28" type="stmt"/>
        <line num="77" count="28" type="stmt"/>
        <line num="78" count="28" type="stmt"/>
        <line num="79" count="28" type="stmt"/>
        <line num="80" count="28" type="stmt"/>
        <line num="83" count="46" type="stmt"/>
        <line num="85" count="46" type="stmt"/>
        <line num="86" count="46" type="stmt"/>
        <line num="87" count="46" type="stmt"/>
        <line num="88" count="46" type="stmt"/>
        <line num="89" count="46" type="stmt"/>
        <line num="90" count="46" type="stmt"/>
        <line num="91" count="46" type="stmt"/>
        <line num="92" count="46" type="stmt"/>
        <line num="94" count="46" type="stmt"/>
        <line num="95" count="46" type="stmt"/>
        <line num="96" count="46" type="stmt"/>
        <line num="98" count="46" type="stmt"/>
        <line num="99" count="46" type="stmt"/>
        <line num="100" count="46" type="cond" truecount="0" falsecount="1"/>
        <line num="101" count="46" type="stmt"/>
        <line num="102" count="46" type="stmt"/>
        <line num="104" count="46" type="stmt"/>
        <line num="105" count="46" type="stmt"/>
        <line num="106" count="46" type="stmt"/>
        <line num="107" count="46" type="stmt"/>
        <line num="109" count="46" type="cond" truecount="1" falsecount="0"/>
        <line num="111" count="46" type="cond" truecount="2" falsecount="0"/>
        <line num="112" count="15" type="stmt"/>
        <line num="114" count="46" type="cond" truecount="1" falsecount="0"/>
        <line num="115" count="43" type="cond" truecount="1" falsecount="0"/>
        <line num="116" count="28" type="stmt"/>
        <line num="117" count="28" type="stmt"/>
        <line num="118" count="28" type="stmt"/>
        <line num="119" count="28" type="stmt"/>
        <line num="120" count="28" type="stmt"/>
        <line num="121" count="28" type="stmt"/>
        <line num="122" count="28" type="stmt"/>
        <line num="123" count="28" type="stmt"/>
        <line num="124" count="28" type="stmt"/>
        <line num="125" count="28" type="stmt"/>
        <line num="127" count="28" type="stmt"/>
        <line num="128" count="28" type="stmt"/>
        <line num="130" count="28" type="cond" truecount="1" falsecount="0"/>
        <line num="131" count="42" type="stmt"/>
        <line num="132" count="42" type="stmt"/>
        <line num="133" count="42" type="stmt"/>
        <line num="134" count="42" type="stmt"/>
        <line num="135" count="42" type="stmt"/>
        <line num="136" count="42" type="stmt"/>
        <line num="137" count="42" type="stmt"/>
        <line num="138" count="42" type="stmt"/>
        <line num="139" count="42" type="stmt"/>
        <line num="140" count="42" type="stmt"/>
        <line num="141" count="42" type="stmt"/>
        <line num="142" count="42" type="stmt"/>
        <line num="143" count="42" type="stmt"/>
        <line num="144" count="42" type="stmt"/>
        <line num="145" count="42" type="stmt"/>
        <line num="146" count="42" type="stmt"/>
        <line num="147" count="42" type="stmt"/>
        <line num="148" count="42" type="stmt"/>
        <line num="150" count="42" type="stmt"/>
        <line num="151" count="42" type="stmt"/>
        <line num="152" count="42" type="stmt"/>
        <line num="153" count="42" type="stmt"/>
        <line num="154" count="42" type="stmt"/>
        <line num="155" count="42" type="stmt"/>
        <line num="156" count="42" type="stmt"/>
        <line num="157" count="42" type="stmt"/>
        <line num="159" count="42" type="stmt"/>
        <line num="160" count="42" type="stmt"/>
        <line num="161" count="42" type="stmt"/>
        <line num="163" count="42" type="cond" truecount="1" falsecount="0"/>
        <line num="164" count="14" type="stmt"/>
        <line num="165" count="14" type="stmt"/>
        <line num="166" count="14" type="stmt"/>
        <line num="167" count="14" type="cond" truecount="1" falsecount="0"/>
        <line num="169" count="14" type="stmt"/>
        <line num="170" count="14" type="stmt"/>
        <line num="172" count="42" type="stmt"/>
        <line num="174" count="28" type="stmt"/>
        <line num="175" count="28" type="stmt"/>
        <line num="176" count="43" type="stmt"/>
        <line num="177" count="46" type="stmt"/>
        <line num="178" count="46" type="stmt"/>
        <line num="179" count="46" type="stmt"/>
        <line num="180" count="46" type="stmt"/>
        <line num="181" count="46" type="stmt"/>
        <line num="182" count="46" type="cond" truecount="0" falsecount="1"/>
        <line num="183" count="46" type="stmt"/>
        <line num="184" count="46" type="stmt"/>
        <line num="185" count="46" type="stmt"/>
        <line num="186" count="46" type="stmt"/>
        <line num="187" count="46" type="cond" truecount="1" falsecount="0"/>
        <line num="188" count="46" type="stmt"/>
        <line num="189" count="46" type="stmt"/>
        <line num="191" count="46" type="stmt"/>
        <line num="192" count="46" type="stmt"/>
        <line num="193" count="46" type="stmt"/>
        <line num="194" count="46" type="stmt"/>
        <line num="195" count="46" type="stmt"/>
        <line num="196" count="46" type="stmt"/>
        <line num="197" count="46" type="cond" truecount="1" falsecount="0"/>
        <line num="198" count="46" type="stmt"/>
        <line num="199" count="46" type="stmt"/>
        <line num="200" count="46" type="stmt"/>
        <line num="201" count="46" type="stmt"/>
        <line num="202" count="46" type="stmt"/>
        <line num="203" count="46" type="stmt"/>
        <line num="204" count="46" type="stmt"/>
        <line num="205" count="46" type="stmt"/>
        <line num="206" count="46" type="stmt"/>
        <line num="207" count="46" type="stmt"/>
        <line num="208" count="46" type="stmt"/>
        <line num="209" count="46" type="stmt"/>
        <line num="211" count="46" type="stmt"/>
        <line num="212" count="46" type="stmt"/>
        <line num="215" count="46" type="cond" truecount="0" falsecount="1"/>
        <line num="216" count="46" type="stmt"/>
        <line num="218" count="46" type="stmt"/>
        <line num="220" count="1" type="stmt"/>
      </file>
      <file name="Home.jsx" path="C:\Users\Nathan\Desktop\CSE186\asgn8\frontend\src\routes\Home.jsx">
        <metrics statements="30" coveredstatements="30" conditionals="1" coveredconditionals="1" methods="1" coveredmethods="1"/>
        <line num="1" count="1" type="stmt"/>
        <line num="2" count="1" type="stmt"/>
        <line num="3" count="1" type="stmt"/>
        <line num="4" count="1" type="stmt"/>
        <line num="5" count="1" type="stmt"/>
        <line num="6" count="1" type="stmt"/>
        <line num="8" count="1" type="cond" truecount="1" falsecount="0"/>
        <line num="9" count="3" type="stmt"/>
        <line num="10" count="3" type="stmt"/>
        <line num="12" count="3" type="stmt"/>
        <line num="13" count="3" type="stmt"/>
        <line num="14" count="3" type="stmt"/>
        <line num="15" count="3" type="stmt"/>
        <line num="16" count="3" type="stmt"/>
        <line num="17" count="3" type="stmt"/>
        <line num="18" count="3" type="stmt"/>
        <line num="19" count="3" type="stmt"/>
        <line num="20" count="3" type="stmt"/>
        <line num="21" count="3" type="stmt"/>
        <line num="22" count="3" type="stmt"/>
        <line num="25" count="3" type="stmt"/>
        <line num="26" count="3" type="stmt"/>
        <line num="27" count="3" type="stmt"/>
        <line num="28" count="3" type="stmt"/>
        <line num="32" count="3" type="stmt"/>
        <line num="35" count="3" type="stmt"/>
        <line num="36" count="3" type="stmt"/>
        <line num="37" count="3" type="stmt"/>
        <line num="39" count="3" type="stmt"/>
        <line num="41" count="1" type="stmt"/>
      </file>
      <file name="Login.jsx" path="C:\Users\Nathan\Desktop\CSE186\asgn8\frontend\src\routes\Login.jsx">
        <metrics statements="78" coveredstatements="78" conditionals="6" coveredconditionals="6" methods="4" coveredmethods="4"/>
        <line num="1" count="1" type="stmt"/>
        <line num="2" count="1" type="stmt"/>
        <line num="11" count="1" type="stmt"/>
        <line num="12" count="1" type="stmt"/>
        <line num="14" count="1" type="cond" truecount="1" falsecount="0"/>
        <line num="15" count="17" type="stmt"/>
        <line num="16" count="17" type="stmt"/>
        <line num="17" count="17" type="stmt"/>
        <line num="18" count="17" type="stmt"/>
        <line num="19" count="17" type="stmt"/>
        <line num="21" count="17" type="cond" truecount="1" falsecount="0"/>
        <line num="22" count="2" type="stmt"/>
        <line num="23" count="2" type="stmt"/>
        <line num="24" count="2" type="stmt"/>
        <line num="25" count="2" type="cond" truecount="1" falsecount="0"/>
        <line num="26" count="1" type="stmt"/>
        <line num="27" count="1" type="stmt"/>
        <line num="28" count="1" type="stmt"/>
        <line num="29" count="1" type="stmt"/>
        <line num="30" count="2" type="stmt"/>
        <line num="32" count="17" type="stmt"/>
        <line num="33" count="17" type="stmt"/>
        <line num="34" count="17" type="stmt"/>
        <line num="35" count="17" type="stmt"/>
        <line num="36" count="17" type="stmt"/>
        <line num="37" count="17" type="stmt"/>
        <line num="38" count="17" type="stmt"/>
        <line num="39" count="17" type="stmt"/>
        <line num="40" count="17" type="stmt"/>
        <line num="42" count="17" type="stmt"/>
        <line num="44" count="17" type="stmt"/>
        <line num="45" count="17" type="stmt"/>
        <line num="46" count="17" type="stmt"/>
        <line num="47" count="17" type="stmt"/>
        <line num="48" count="17" type="stmt"/>
        <line num="49" count="17" type="stmt"/>
        <line num="50" count="17" type="stmt"/>
        <line num="51" count="17" type="stmt"/>
        <line num="52" count="17" type="stmt"/>
        <line num="53" count="17" type="stmt"/>
        <line num="54" count="17" type="cond" truecount="1" falsecount="0"/>
        <line num="55" count="17" type="stmt"/>
        <line num="56" count="17" type="stmt"/>
        <line num="57" count="17" type="stmt"/>
        <line num="58" count="17" type="stmt"/>
        <line num="59" count="17" type="stmt"/>
        <line num="60" count="17" type="stmt"/>
        <line num="61" count="17" type="stmt"/>
        <line num="62" count="17" type="stmt"/>
        <line num="63" count="17" type="stmt"/>
        <line num="64" count="17" type="cond" truecount="1" falsecount="0"/>
        <line num="65" count="17" type="stmt"/>
        <line num="66" count="17" type="stmt"/>
        <line num="68" count="17" type="cond" truecount="1" falsecount="0"/>
        <line num="69" count="2" type="stmt"/>
        <line num="70" count="2" type="stmt"/>
        <line num="71" count="2" type="stmt"/>
        <line num="72" count="2" type="stmt"/>
        <line num="73" count="2" type="stmt"/>
        <line num="74" count="2" type="stmt"/>
        <line num="75" count="2" type="stmt"/>
        <line num="77" count="17" type="stmt"/>
        <line num="78" count="17" type="stmt"/>
        <line num="79" count="17" type="stmt"/>
        <line num="80" count="17" type="stmt"/>
        <line num="81" count="17" type="stmt"/>
        <line num="82" count="17" type="stmt"/>
        <line num="83" count="17" type="stmt"/>
        <line num="84" count="17" type="stmt"/>
        <line num="86" count="17" type="stmt"/>
        <line num="87" count="17" type="stmt"/>
        <line num="88" count="17" type="stmt"/>
        <line num="89" count="17" type="stmt"/>
        <line num="90" count="17" type="stmt"/>
        <line num="91" count="17" type="stmt"/>
        <line num="92" count="17" type="stmt"/>
        <line num="94" count="17" type="stmt"/>
        <line num="96" count="1" type="stmt"/>
      </file>
      <file name="ProtectedRoute.jsx" path="C:\Users\Nathan\Desktop\CSE186\asgn8\frontend\src\routes\ProtectedRoute.jsx">
        <metrics statements="14" coveredstatements="14" conditionals="2" coveredconditionals="2" methods="1" coveredmethods="1"/>
        <line num="1" count="1" type="stmt"/>
        <line num="2" count="1" type="stmt"/>
        <line num="3" count="1" type="stmt"/>
        <line num="5" count="1" type="cond" truecount="1" falsecount="0"/>
        <line num="6" count="2" type="stmt"/>
        <line num="8" count="2" type="cond" truecount="1" falsecount="0"/>
        <line num="9" count="1" type="stmt"/>
        <line num="10" count="1" type="stmt"/>
        <line num="12" count="1" type="stmt"/>
        <line num="13" count="1" type="stmt"/>
        <line num="15" count="1" type="stmt"/>
        <line num="16" count="1" type="stmt"/>
        <line num="17" count="1" type="stmt"/>
        <line num="19" count="1" type="stmt"/>
      </file>
    </package>
  </project>
</coverage>
