{"C:\\Users\\Nathan\\Desktop\\CSE186\\asgn8\\frontend\\src\\App.jsx": {"path":"C:\\Users\\Nathan\\Desktop\\CSE186\\asgn8\\frontend\\src\\App.jsx","all":false,"statementMap":{"11":{"start":{"line":12,"column":0},"end":{"line":12,"column":72}},"12":{"start":{"line":13,"column":0},"end":{"line":13,"column":51}},"13":{"start":{"line":14,"column":0},"end":{"line":14,"column":59}},"14":{"start":{"line":15,"column":0},"end":{"line":15,"column":61}},"15":{"start":{"line":16,"column":0},"end":{"line":16,"column":59}},"16":{"start":{"line":17,"column":0},"end":{"line":17,"column":59}},"17":{"start":{"line":18,"column":0},"end":{"line":18,"column":39}},"18":{"start":{"line":19,"column":0},"end":{"line":19,"column":35}},"19":{"start":{"line":20,"column":0},"end":{"line":20,"column":33}},"20":{"start":{"line":21,"column":0},"end":{"line":21,"column":53}},"26":{"start":{"line":27,"column":0},"end":{"line":27,"column":16}},"27":{"start":{"line":28,"column":0},"end":{"line":28,"column":10}},"28":{"start":{"line":29,"column":0},"end":{"line":29,"column":18}},"29":{"start":{"line":30,"column":0},"end":{"line":30,"column":24}},"30":{"start":{"line":31,"column":0},"end":{"line":31,"column":27}},"31":{"start":{"line":32,"column":0},"end":{"line":32,"column":28}},"32":{"start":{"line":33,"column":0},"end":{"line":33,"column":30}},"33":{"start":{"line":34,"column":0},"end":{"line":34,"column":22}},"34":{"start":{"line":35,"column":0},"end":{"line":35,"column":24}},"35":{"start":{"line":36,"column":0},"end":{"line":36,"column":61}},"36":{"start":{"line":37,"column":0},"end":{"line":37,"column":24}},"37":{"start":{"line":38,"column":0},"end":{"line":38,"column":28}},"38":{"start":{"line":39,"column":0},"end":{"line":39,"column":29}},"39":{"start":{"line":40,"column":0},"end":{"line":40,"column":38}},"40":{"start":{"line":41,"column":0},"end":{"line":41,"column":32}},"41":{"start":{"line":42,"column":0},"end":{"line":42,"column":39}},"43":{"start":{"line":44,"column":0},"end":{"line":44,"column":20}},"52":{"start":{"line":53,"column":0},"end":{"line":53,"column":24}},"53":{"start":{"line":54,"column":0},"end":{"line":54,"column":73}},"54":{"start":{"line":55,"column":0},"end":{"line":55,"column":29}},"55":{"start":{"line":56,"column":0},"end":{"line":56,"column":38}},"56":{"start":{"line":57,"column":0},"end":{"line":57,"column":35}},"57":{"start":{"line":58,"column":0},"end":{"line":58,"column":39}},"59":{"start":{"line":60,"column":0},"end":{"line":60,"column":20}},"60":{"start":{"line":61,"column":0},"end":{"line":61,"column":25}},"61":{"start":{"line":62,"column":0},"end":{"line":62,"column":23}},"62":{"start":{"line":63,"column":0},"end":{"line":63,"column":31}},"63":{"start":{"line":64,"column":0},"end":{"line":64,"column":29}},"64":{"start":{"line":65,"column":0},"end":{"line":65,"column":28}},"65":{"start":{"line":66,"column":0},"end":{"line":66,"column":25}},"66":{"start":{"line":67,"column":0},"end":{"line":67,"column":19}},"68":{"start":{"line":69,"column":0},"end":{"line":69,"column":1}},"70":{"start":{"line":71,"column":0},"end":{"line":71,"column":19}}},"s":{"11":1,"12":1,"13":1,"14":1,"15":1,"16":1,"17":1,"18":1,"19":1,"20":1,"26":1,"27":1,"28":1,"29":1,"30":1,"31":1,"32":1,"33":1,"34":1,"35":1,"36":1,"37":1,"38":1,"39":1,"40":1,"41":1,"43":1,"52":1,"53":1,"54":1,"55":1,"56":1,"57":1,"59":1,"60":1,"61":1,"62":1,"63":1,"64":1,"65":1,"66":1,"68":1,"70":1},"branchMap":{"0":{"type":"branch","line":27,"loc":{"start":{"line":27,"column":0},"end":{"line":69,"column":1}},"locations":[{"start":{"line":27,"column":0},"end":{"line":69,"column":1}}]}},"b":{"0":[1]},"fnMap":{"0":{"name":"App","decl":{"start":{"line":27,"column":0},"end":{"line":69,"column":1}},"loc":{"start":{"line":27,"column":0},"end":{"line":69,"column":1}},"line":27}},"f":{"0":1}}
,"C:\\Users\\Nathan\\Desktop\\CSE186\\asgn8\\frontend\\src\\__tests__\\mocks.js": {"path":"C:\\Users\\Nathan\\Desktop\\CSE186\\asgn8\\frontend\\src\\__tests__\\mocks.js","all":false,"statementMap":{"0":{"start":{"line":1,"column":0},"end":{"line":1,"column":37}},"1":{"start":{"line":2,"column":0},"end":{"line":2,"column":39}},"2":{"start":{"line":3,"column":0},"end":{"line":3,"column":49}},"3":{"start":{"line":4,"column":0},"end":{"line":4,"column":50}},"5":{"start":{"line":6,"column":0},"end":{"line":6,"column":47}},"7":{"start":{"line":8,"column":0},"end":{"line":8,"column":36}},"9":{"start":{"line":10,"column":0},"end":{"line":10,"column":31}},"10":{"start":{"line":11,"column":0},"end":{"line":11,"column":3}},"11":{"start":{"line":12,"column":0},"end":{"line":12,"column":12}},"12":{"start":{"line":13,"column":0},"end":{"line":13,"column":24}},"13":{"start":{"line":14,"column":0},"end":{"line":14,"column":23}},"14":{"start":{"line":15,"column":0},"end":{"line":15,"column":26}},"15":{"start":{"line":16,"column":0},"end":{"line":16,"column":15}},"16":{"start":{"line":17,"column":0},"end":{"line":17,"column":7}},"17":{"start":{"line":18,"column":0},"end":{"line":18,"column":17}},"18":{"start":{"line":19,"column":0},"end":{"line":19,"column":56}},"19":{"start":{"line":20,"column":0},"end":{"line":20,"column":19}},"20":{"start":{"line":21,"column":0},"end":{"line":21,"column":11}},"21":{"start":{"line":22,"column":0},"end":{"line":22,"column":22}},"22":{"start":{"line":23,"column":0},"end":{"line":23,"column":36}},"23":{"start":{"line":24,"column":0},"end":{"line":24,"column":28}},"24":{"start":{"line":25,"column":0},"end":{"line":25,"column":46}},"25":{"start":{"line":26,"column":0},"end":{"line":26,"column":19}},"26":{"start":{"line":27,"column":0},"end":{"line":27,"column":38}},"27":{"start":{"line":28,"column":0},"end":{"line":28,"column":48}},"28":{"start":{"line":29,"column":0},"end":{"line":29,"column":31}},"29":{"start":{"line":30,"column":0},"end":{"line":30,"column":12}},"30":{"start":{"line":31,"column":0},"end":{"line":31,"column":10}},"31":{"start":{"line":32,"column":0},"end":{"line":32,"column":8}},"32":{"start":{"line":33,"column":0},"end":{"line":33,"column":6}},"33":{"start":{"line":34,"column":0},"end":{"line":34,"column":4}},"34":{"start":{"line":35,"column":0},"end":{"line":35,"column":3}},"35":{"start":{"line":36,"column":0},"end":{"line":36,"column":12}},"36":{"start":{"line":37,"column":0},"end":{"line":37,"column":24}},"37":{"start":{"line":38,"column":0},"end":{"line":38,"column":23}},"38":{"start":{"line":39,"column":0},"end":{"line":39,"column":26}},"39":{"start":{"line":40,"column":0},"end":{"line":40,"column":4}},"40":{"start":{"line":41,"column":0},"end":{"line":41,"column":2}},"42":{"start":{"line":43,"column":0},"end":{"line":43,"column":29}},"43":{"start":{"line":44,"column":0},"end":{"line":44,"column":10}},"44":{"start":{"line":45,"column":0},"end":{"line":45,"column":52}},"45":{"start":{"line":46,"column":0},"end":{"line":46,"column":15}},"46":{"start":{"line":47,"column":0},"end":{"line":47,"column":2}},"48":{"start":{"line":49,"column":0},"end":{"line":49,"column":27}},"49":{"start":{"line":50,"column":0},"end":{"line":50,"column":11}},"50":{"start":{"line":51,"column":0},"end":{"line":51,"column":19}},"51":{"start":{"line":52,"column":0},"end":{"line":52,"column":24}},"52":{"start":{"line":53,"column":0},"end":{"line":53,"column":50}},"53":{"start":{"line":54,"column":0},"end":{"line":54,"column":2}},"55":{"start":{"line":56,"column":0},"end":{"line":56,"column":27}},"56":{"start":{"line":57,"column":0},"end":{"line":57,"column":12}},"57":{"start":{"line":58,"column":0},"end":{"line":58,"column":26}},"58":{"start":{"line":59,"column":0},"end":{"line":59,"column":50}},"59":{"start":{"line":60,"column":0},"end":{"line":60,"column":26}},"60":{"start":{"line":61,"column":0},"end":{"line":61,"column":36}},"61":{"start":{"line":62,"column":0},"end":{"line":62,"column":9}},"62":{"start":{"line":63,"column":0},"end":{"line":63,"column":28}},"63":{"start":{"line":64,"column":0},"end":{"line":64,"column":38}},"64":{"start":{"line":65,"column":0},"end":{"line":65,"column":29}},"65":{"start":{"line":66,"column":0},"end":{"line":66,"column":2}},"67":{"start":{"line":68,"column":0},"end":{"line":68,"column":61}},"69":{"start":{"line":70,"column":0},"end":{"line":70,"column":33}},"70":{"start":{"line":71,"column":0},"end":{"line":71,"column":13}},"71":{"start":{"line":72,"column":0},"end":{"line":72,"column":76}},"72":{"start":{"line":73,"column":0},"end":{"line":73,"column":55}},"74":{"start":{"line":75,"column":0},"end":{"line":75,"column":70}},"75":{"start":{"line":76,"column":0},"end":{"line":76,"column":58}},"76":{"start":{"line":77,"column":0},"end":{"line":77,"column":16}},"77":{"start":{"line":78,"column":0},"end":{"line":78,"column":35}},"78":{"start":{"line":79,"column":0},"end":{"line":79,"column":45}},"79":{"start":{"line":80,"column":0},"end":{"line":80,"column":28}},"80":{"start":{"line":81,"column":0},"end":{"line":81,"column":12}},"81":{"start":{"line":82,"column":0},"end":{"line":82,"column":9}},"82":{"start":{"line":83,"column":0},"end":{"line":83,"column":8}},"83":{"start":{"line":84,"column":0},"end":{"line":84,"column":8}},"84":{"start":{"line":85,"column":0},"end":{"line":85,"column":51}},"85":{"start":{"line":86,"column":0},"end":{"line":86,"column":42}},"86":{"start":{"line":87,"column":0},"end":{"line":87,"column":8}},"87":{"start":{"line":88,"column":0},"end":{"line":88,"column":69}},"88":{"start":{"line":89,"column":0},"end":{"line":89,"column":34}},"89":{"start":{"line":90,"column":0},"end":{"line":90,"column":8}},"90":{"start":{"line":91,"column":0},"end":{"line":91,"column":52}},"91":{"start":{"line":92,"column":0},"end":{"line":92,"column":40}},"92":{"start":{"line":93,"column":0},"end":{"line":93,"column":8}},"93":{"start":{"line":94,"column":0},"end":{"line":94,"column":62}},"94":{"start":{"line":95,"column":0},"end":{"line":95,"column":54}},"95":{"start":{"line":96,"column":0},"end":{"line":96,"column":8}},"96":{"start":{"line":97,"column":0},"end":{"line":97,"column":65}},"97":{"start":{"line":98,"column":0},"end":{"line":98,"column":52}},"98":{"start":{"line":99,"column":0},"end":{"line":99,"column":38}},"99":{"start":{"line":100,"column":0},"end":{"line":100,"column":9}},"100":{"start":{"line":101,"column":0},"end":{"line":101,"column":61}},"101":{"start":{"line":102,"column":0},"end":{"line":102,"column":66}},"102":{"start":{"line":103,"column":0},"end":{"line":103,"column":8}},"103":{"start":{"line":104,"column":0},"end":{"line":104,"column":64}},"104":{"start":{"line":105,"column":0},"end":{"line":105,"column":64}},"105":{"start":{"line":106,"column":0},"end":{"line":106,"column":38}},"106":{"start":{"line":107,"column":0},"end":{"line":107,"column":9}},"107":{"start":{"line":108,"column":0},"end":{"line":108,"column":61}},"108":{"start":{"line":109,"column":0},"end":{"line":109,"column":34}},"109":{"start":{"line":110,"column":0},"end":{"line":110,"column":47}},"110":{"start":{"line":111,"column":0},"end":{"line":111,"column":49}},"111":{"start":{"line":112,"column":0},"end":{"line":112,"column":37}},"112":{"start":{"line":113,"column":0},"end":{"line":113,"column":58}},"114":{"start":{"line":115,"column":0},"end":{"line":115,"column":37}},"115":{"start":{"line":116,"column":0},"end":{"line":116,"column":54}},"116":{"start":{"line":117,"column":0},"end":{"line":117,"column":57}},"117":{"start":{"line":118,"column":0},"end":{"line":118,"column":12}},"118":{"start":{"line":119,"column":0},"end":{"line":119,"column":12}},"119":{"start":{"line":120,"column":0},"end":{"line":120,"column":4}},"120":{"start":{"line":121,"column":0},"end":{"line":121,"column":2}},"122":{"start":{"line":123,"column":0},"end":{"line":123,"column":55}},"123":{"start":{"line":124,"column":0},"end":{"line":124,"column":40}},"124":{"start":{"line":125,"column":0},"end":{"line":125,"column":13}},"125":{"start":{"line":126,"column":0},"end":{"line":126,"column":14}},"126":{"start":{"line":127,"column":0},"end":{"line":127,"column":40}},"127":{"start":{"line":128,"column":0},"end":{"line":128,"column":7}},"128":{"start":{"line":129,"column":0},"end":{"line":129,"column":6}},"130":{"start":{"line":131,"column":0},"end":{"line":131,"column":58}},"131":{"start":{"line":132,"column":0},"end":{"line":132,"column":40}},"132":{"start":{"line":133,"column":0},"end":{"line":133,"column":13}},"133":{"start":{"line":134,"column":0},"end":{"line":134,"column":14}},"134":{"start":{"line":135,"column":0},"end":{"line":135,"column":28}},"135":{"start":{"line":136,"column":0},"end":{"line":136,"column":7}},"136":{"start":{"line":137,"column":0},"end":{"line":137,"column":6}}},"s":{"0":1,"1":1,"2":1,"3":1,"5":1,"7":1,"9":1,"10":1,"11":1,"12":1,"13":1,"14":1,"15":1,"16":1,"17":1,"18":1,"19":1,"20":1,"21":1,"22":1,"23":1,"24":1,"25":1,"26":1,"27":1,"28":1,"29":1,"30":1,"31":1,"32":1,"33":1,"34":1,"35":1,"36":1,"37":1,"38":1,"39":1,"40":1,"42":1,"43":1,"44":1,"45":1,"46":1,"48":1,"49":1,"50":1,"51":1,"52":1,"53":1,"55":1,"56":1,"57":1,"58":1,"59":1,"60":1,"61":1,"62":1,"63":1,"64":1,"65":1,"67":1,"69":1,"70":24,"71":24,"72":2,"74":2,"75":1,"76":1,"77":1,"78":1,"79":1,"80":1,"81":1,"82":24,"83":24,"84":24,"85":24,"86":24,"87":24,"88":24,"89":24,"90":24,"91":24,"92":24,"93":24,"94":24,"95":24,"96":24,"97":1,"98":1,"99":24,"100":24,"101":24,"102":24,"103":24,"104":2,"105":2,"106":24,"107":24,"108":24,"109":24,"110":24,"111":24,"112":24,"114":24,"115":24,"116":24,"117":24,"118":24,"119":24,"120":24,"122":1,"123":1,"124":1,"125":1,"126":1,"127":1,"128":1,"130":1,"131":1,"132":1,"133":1,"134":1,"135":1,"136":1},"branchMap":{"0":{"type":"branch","line":70,"loc":{"start":{"line":70,"column":26},"end":{"line":121,"column":2}},"locations":[{"start":{"line":70,"column":26},"end":{"line":121,"column":2}}]},"1":{"type":"branch","line":72,"loc":{"start":{"line":72,"column":54},"end":{"line":83,"column":7}},"locations":[{"start":{"line":72,"column":54},"end":{"line":83,"column":7}}]},"2":{"type":"branch","line":75,"loc":{"start":{"line":75,"column":69},"end":{"line":82,"column":9}},"locations":[{"start":{"line":75,"column":69},"end":{"line":82,"column":9}}]},"3":{"type":"branch","line":85,"loc":{"start":{"line":85,"column":40},"end":{"line":86,"column":41}},"locations":[{"start":{"line":85,"column":40},"end":{"line":86,"column":41}}]},"4":{"type":"branch","line":88,"loc":{"start":{"line":88,"column":58},"end":{"line":89,"column":33}},"locations":[{"start":{"line":88,"column":58},"end":{"line":89,"column":33}}]},"5":{"type":"branch","line":91,"loc":{"start":{"line":91,"column":41},"end":{"line":92,"column":39}},"locations":[{"start":{"line":91,"column":41},"end":{"line":92,"column":39}}]},"6":{"type":"branch","line":94,"loc":{"start":{"line":94,"column":51},"end":{"line":95,"column":53}},"locations":[{"start":{"line":94,"column":51},"end":{"line":95,"column":53}}]},"7":{"type":"branch","line":97,"loc":{"start":{"line":97,"column":52},"end":{"line":100,"column":7}},"locations":[{"start":{"line":97,"column":52},"end":{"line":100,"column":7}}]},"8":{"type":"branch","line":101,"loc":{"start":{"line":101,"column":50},"end":{"line":102,"column":65}},"locations":[{"start":{"line":101,"column":50},"end":{"line":102,"column":65}}]},"9":{"type":"branch","line":104,"loc":{"start":{"line":104,"column":51},"end":{"line":107,"column":7}},"locations":[{"start":{"line":104,"column":51},"end":{"line":107,"column":7}}]}},"b":{"0":[24],"1":[2],"2":[1],"3":[15],"4":[1],"5":[1],"6":[8],"7":[1],"8":[5],"9":[2]},"fnMap":{"0":{"name":"setupMocks","decl":{"start":{"line":70,"column":26},"end":{"line":121,"column":2}},"loc":{"start":{"line":70,"column":26},"end":{"line":121,"column":2}},"line":70}},"f":{"0":24}}
,"C:\\Users\\Nathan\\Desktop\\CSE186\\asgn8\\frontend\\src\\components\\BottomNav.jsx": {"path":"C:\\Users\\Nathan\\Desktop\\CSE186\\asgn8\\frontend\\src\\components\\BottomNav.jsx","all":false,"statementMap":{"0":{"start":{"line":1,"column":0},"end":{"line":1,"column":78}},"1":{"start":{"line":2,"column":0},"end":{"line":2,"column":52}},"2":{"start":{"line":3,"column":0},"end":{"line":3,"column":48}},"3":{"start":{"line":4,"column":0},"end":{"line":4,"column":47}},"4":{"start":{"line":5,"column":0},"end":{"line":5,"column":45}},"6":{"start":{"line":7,"column":0},"end":{"line":7,"column":25}},"7":{"start":{"line":8,"column":0},"end":{"line":8,"column":29}},"8":{"start":{"line":9,"column":0},"end":{"line":9,"column":33}},"10":{"start":{"line":11,"column":0},"end":{"line":11,"column":10}},"11":{"start":{"line":12,"column":0},"end":{"line":12,"column":15}},"12":{"start":{"line":13,"column":0},"end":{"line":13,"column":25}},"13":{"start":{"line":14,"column":0},"end":{"line":14,"column":27}},"14":{"start":{"line":15,"column":0},"end":{"line":15,"column":17}},"15":{"start":{"line":16,"column":0},"end":{"line":16,"column":52}},"16":{"start":{"line":17,"column":0},"end":{"line":17,"column":17}},"18":{"start":{"line":19,"column":0},"end":{"line":19,"column":35}},"20":{"start":{"line":21,"column":0},"end":{"line":21,"column":31}},"21":{"start":{"line":22,"column":0},"end":{"line":22,"column":22}},"22":{"start":{"line":23,"column":0},"end":{"line":23,"column":29}},"23":{"start":{"line":24,"column":0},"end":{"line":24,"column":39}},"24":{"start":{"line":25,"column":0},"end":{"line":25,"column":38}},"25":{"start":{"line":26,"column":0},"end":{"line":26,"column":10}},"26":{"start":{"line":27,"column":0},"end":{"line":27,"column":31}},"27":{"start":{"line":28,"column":0},"end":{"line":28,"column":24}},"28":{"start":{"line":29,"column":0},"end":{"line":29,"column":31}},"29":{"start":{"line":30,"column":0},"end":{"line":30,"column":26}},"30":{"start":{"line":31,"column":0},"end":{"line":31,"column":36}},"31":{"start":{"line":32,"column":0},"end":{"line":32,"column":29}},"32":{"start":{"line":33,"column":0},"end":{"line":33,"column":10}},"33":{"start":{"line":34,"column":0},"end":{"line":34,"column":25}},"34":{"start":{"line":35,"column":0},"end":{"line":35,"column":12}},"36":{"start":{"line":37,"column":0},"end":{"line":37,"column":2}},"38":{"start":{"line":39,"column":0},"end":{"line":39,"column":25}}},"s":{"0":1,"1":1,"2":1,"3":1,"4":1,"6":1,"7":5,"8":5,"10":5,"11":5,"12":5,"13":5,"14":5,"15":5,"16":5,"18":5,"20":5,"21":5,"22":5,"23":5,"24":5,"25":5,"26":5,"27":5,"28":5,"29":5,"30":5,"31":5,"32":5,"33":5,"34":5,"36":5,"38":1},"branchMap":{"0":{"type":"branch","line":7,"loc":{"start":{"line":7,"column":18},"end":{"line":37,"column":2}},"locations":[{"start":{"line":7,"column":18},"end":{"line":37,"column":2}}]},"1":{"type":"branch","line":16,"loc":{"start":{"line":16,"column":16},"end":{"line":16,"column":50}},"locations":[{"start":{"line":16,"column":16},"end":{"line":16,"column":50}}]},"2":{"type":"branch","line":24,"loc":{"start":{"line":24,"column":19},"end":{"line":24,"column":39}},"locations":[{"start":{"line":24,"column":19},"end":{"line":24,"column":39}}]}},"b":{"0":[5],"1":[5],"2":[1]},"fnMap":{"0":{"name":"BottomNav","decl":{"start":{"line":7,"column":18},"end":{"line":37,"column":2}},"loc":{"start":{"line":7,"column":18},"end":{"line":37,"column":2}},"line":7},"1":{"name":"zIndex","decl":{"start":{"line":16,"column":16},"end":{"line":16,"column":50}},"loc":{"start":{"line":16,"column":16},"end":{"line":16,"column":50}},"line":16},"2":{"name":"onClick","decl":{"start":{"line":24,"column":19},"end":{"line":24,"column":39}},"loc":{"start":{"line":24,"column":19},"end":{"line":24,"column":39}},"line":24}},"f":{"0":5,"1":5,"2":1}}
,"C:\\Users\\Nathan\\Desktop\\CSE186\\asgn8\\frontend\\src\\components\\Channels.jsx": {"path":"C:\\Users\\Nathan\\Desktop\\CSE186\\asgn8\\frontend\\src\\components\\Channels.jsx","all":false,"statementMap":{"0":{"start":{"line":1,"column":0},"end":{"line":1,"column":42}},"1":{"start":{"line":2,"column":0},"end":{"line":2,"column":8}},"16":{"start":{"line":17,"column":0},"end":{"line":17,"column":46}},"17":{"start":{"line":18,"column":0},"end":{"line":18,"column":59}},"18":{"start":{"line":19,"column":0},"end":{"line":19,"column":61}},"19":{"start":{"line":20,"column":0},"end":{"line":20,"column":45}},"21":{"start":{"line":22,"column":0},"end":{"line":22,"column":24}},"22":{"start":{"line":23,"column":0},"end":{"line":23,"column":44}},"23":{"start":{"line":24,"column":0},"end":{"line":24,"column":46}},"24":{"start":{"line":25,"column":0},"end":{"line":25,"column":33}},"25":{"start":{"line":26,"column":0},"end":{"line":26,"column":9}},"26":{"start":{"line":27,"column":0},"end":{"line":27,"column":79}},"27":{"start":{"line":28,"column":0},"end":{"line":28,"column":54}},"28":{"start":{"line":29,"column":0},"end":{"line":29,"column":53}},"29":{"start":{"line":30,"column":0},"end":{"line":30,"column":53}},"30":{"start":{"line":31,"column":0},"end":{"line":31,"column":56}},"33":{"start":{"line":34,"column":0},"end":{"line":34,"column":19}},"34":{"start":{"line":35,"column":0},"end":{"line":35,"column":20}},"35":{"start":{"line":36,"column":0},"end":{"line":36,"column":28}},"38":{"start":{"line":39,"column":0},"end":{"line":39,"column":19}},"39":{"start":{"line":40,"column":0},"end":{"line":40,"column":51}},"40":{"start":{"line":41,"column":0},"end":{"line":41,"column":67}},"41":{"start":{"line":42,"column":0},"end":{"line":42,"column":5}},"42":{"start":{"line":43,"column":0},"end":{"line":43,"column":45}},"45":{"start":{"line":46,"column":0},"end":{"line":46,"column":47}},"46":{"start":{"line":47,"column":0},"end":{"line":47,"column":80}},"47":{"start":{"line":48,"column":0},"end":{"line":48,"column":26}},"48":{"start":{"line":49,"column":0},"end":{"line":49,"column":25}},"49":{"start":{"line":50,"column":0},"end":{"line":50,"column":31}},"50":{"start":{"line":51,"column":0},"end":{"line":51,"column":40}},"51":{"start":{"line":52,"column":0},"end":{"line":52,"column":54}},"52":{"start":{"line":53,"column":0},"end":{"line":53,"column":9}},"53":{"start":{"line":54,"column":0},"end":{"line":54,"column":5}},"54":{"start":{"line":55,"column":0},"end":{"line":55,"column":67}},"55":{"start":{"line":56,"column":0},"end":{"line":56,"column":4}},"57":{"start":{"line":58,"column":0},"end":{"line":58,"column":42}},"58":{"start":{"line":59,"column":0},"end":{"line":59,"column":24}},"59":{"start":{"line":60,"column":0},"end":{"line":60,"column":4}},"62":{"start":{"line":63,"column":0},"end":{"line":63,"column":35}},"63":{"start":{"line":64,"column":0},"end":{"line":64,"column":25}},"64":{"start":{"line":65,"column":0},"end":{"line":65,"column":23}},"65":{"start":{"line":66,"column":0},"end":{"line":66,"column":23}},"66":{"start":{"line":67,"column":0},"end":{"line":67,"column":4}},"69":{"start":{"line":70,"column":0},"end":{"line":70,"column":43}},"70":{"start":{"line":71,"column":0},"end":{"line":71,"column":50}},"71":{"start":{"line":72,"column":0},"end":{"line":72,"column":20}},"72":{"start":{"line":73,"column":0},"end":{"line":73,"column":24}},"73":{"start":{"line":74,"column":0},"end":{"line":74,"column":4}},"76":{"start":{"line":77,"column":0},"end":{"line":77,"column":19}},"77":{"start":{"line":78,"column":0},"end":{"line":78,"column":75}},"78":{"start":{"line":79,"column":0},"end":{"line":79,"column":33}},"80":{"start":{"line":81,"column":0},"end":{"line":81,"column":10}},"81":{"start":{"line":82,"column":0},"end":{"line":82,"column":6}},"83":{"start":{"line":84,"column":0},"end":{"line":84,"column":10}},"84":{"start":{"line":85,"column":0},"end":{"line":85,"column":13}},"85":{"start":{"line":86,"column":0},"end":{"line":86,"column":26}},"86":{"start":{"line":87,"column":0},"end":{"line":87,"column":31}},"87":{"start":{"line":88,"column":0},"end":{"line":88,"column":42}},"88":{"start":{"line":89,"column":0},"end":{"line":89,"column":35}},"89":{"start":{"line":90,"column":0},"end":{"line":90,"column":10}},"91":{"start":{"line":92,"column":0},"end":{"line":92,"column":66}},"93":{"start":{"line":94,"column":0},"end":{"line":94,"column":21}},"95":{"start":{"line":96,"column":0},"end":{"line":96,"column":19}},"96":{"start":{"line":97,"column":0},"end":{"line":97,"column":44}},"97":{"start":{"line":98,"column":0},"end":{"line":98,"column":37}},"98":{"start":{"line":99,"column":0},"end":{"line":99,"column":22}},"99":{"start":{"line":100,"column":0},"end":{"line":100,"column":38}},"101":{"start":{"line":102,"column":0},"end":{"line":102,"column":21}},"102":{"start":{"line":103,"column":0},"end":{"line":103,"column":21}},"103":{"start":{"line":104,"column":0},"end":{"line":104,"column":12}},"106":{"start":{"line":107,"column":0},"end":{"line":107,"column":12}},"107":{"start":{"line":108,"column":0},"end":{"line":108,"column":36}},"108":{"start":{"line":109,"column":0},"end":{"line":109,"column":19}},"109":{"start":{"line":110,"column":0},"end":{"line":110,"column":25}},"110":{"start":{"line":111,"column":0},"end":{"line":111,"column":28}},"111":{"start":{"line":112,"column":0},"end":{"line":112,"column":65}},"112":{"start":{"line":113,"column":0},"end":{"line":113,"column":55}},"113":{"start":{"line":114,"column":0},"end":{"line":114,"column":17}},"114":{"start":{"line":115,"column":0},"end":{"line":115,"column":26}},"115":{"start":{"line":116,"column":0},"end":{"line":116,"column":48}},"116":{"start":{"line":117,"column":0},"end":{"line":117,"column":16}},"117":{"start":{"line":118,"column":0},"end":{"line":118,"column":36}},"118":{"start":{"line":119,"column":0},"end":{"line":119,"column":14}},"120":{"start":{"line":121,"column":0},"end":{"line":121,"column":25}},"121":{"start":{"line":122,"column":0},"end":{"line":122,"column":41}},"122":{"start":{"line":123,"column":0},"end":{"line":123,"column":61}},"123":{"start":{"line":124,"column":0},"end":{"line":124,"column":14}},"124":{"start":{"line":125,"column":0},"end":{"line":125,"column":21}},"125":{"start":{"line":126,"column":0},"end":{"line":126,"column":11}},"126":{"start":{"line":127,"column":0},"end":{"line":127,"column":13}},"127":{"start":{"line":128,"column":0},"end":{"line":128,"column":17}},"130":{"start":{"line":131,"column":0},"end":{"line":131,"column":60}},"131":{"start":{"line":132,"column":0},"end":{"line":132,"column":46}},"132":{"start":{"line":133,"column":0},"end":{"line":133,"column":23}},"133":{"start":{"line":134,"column":0},"end":{"line":134,"column":20}},"134":{"start":{"line":135,"column":0},"end":{"line":135,"column":21}},"135":{"start":{"line":136,"column":0},"end":{"line":136,"column":20}},"136":{"start":{"line":137,"column":0},"end":{"line":137,"column":26}},"137":{"start":{"line":138,"column":0},"end":{"line":138,"column":32}},"138":{"start":{"line":139,"column":0},"end":{"line":139,"column":43}},"139":{"start":{"line":140,"column":0},"end":{"line":140,"column":30}},"140":{"start":{"line":141,"column":0},"end":{"line":141,"column":21}},"141":{"start":{"line":142,"column":0},"end":{"line":142,"column":31}},"142":{"start":{"line":143,"column":0},"end":{"line":143,"column":60}},"143":{"start":{"line":144,"column":0},"end":{"line":144,"column":45}},"144":{"start":{"line":145,"column":0},"end":{"line":145,"column":76}},"145":{"start":{"line":146,"column":0},"end":{"line":146,"column":39}},"146":{"start":{"line":147,"column":0},"end":{"line":147,"column":12}},"147":{"start":{"line":148,"column":0},"end":{"line":148,"column":20}},"148":{"start":{"line":149,"column":0},"end":{"line":149,"column":20}},"149":{"start":{"line":150,"column":0},"end":{"line":150,"column":26}},"150":{"start":{"line":151,"column":0},"end":{"line":151,"column":39}},"151":{"start":{"line":152,"column":0},"end":{"line":152,"column":50}},"152":{"start":{"line":153,"column":0},"end":{"line":153,"column":30}},"153":{"start":{"line":154,"column":0},"end":{"line":154,"column":21}},"154":{"start":{"line":155,"column":0},"end":{"line":155,"column":31}},"155":{"start":{"line":156,"column":0},"end":{"line":156,"column":60}},"156":{"start":{"line":157,"column":0},"end":{"line":157,"column":45}},"157":{"start":{"line":158,"column":0},"end":{"line":158,"column":23}},"158":{"start":{"line":159,"column":0},"end":{"line":159,"column":74}},"159":{"start":{"line":160,"column":0},"end":{"line":160,"column":12}},"160":{"start":{"line":161,"column":0},"end":{"line":161,"column":24}},"161":{"start":{"line":162,"column":0},"end":{"line":162,"column":23}},"162":{"start":{"line":163,"column":0},"end":{"line":163,"column":66}},"164":{"start":{"line":165,"column":0},"end":{"line":165,"column":19}},"165":{"start":{"line":166,"column":0},"end":{"line":166,"column":17}},"166":{"start":{"line":167,"column":0},"end":{"line":167,"column":41}},"167":{"start":{"line":168,"column":0},"end":{"line":168,"column":31}},"168":{"start":{"line":169,"column":0},"end":{"line":169,"column":35}},"169":{"start":{"line":170,"column":0},"end":{"line":170,"column":27}},"170":{"start":{"line":171,"column":0},"end":{"line":171,"column":11}},"172":{"start":{"line":173,"column":0},"end":{"line":173,"column":19}},"173":{"start":{"line":174,"column":0},"end":{"line":174,"column":24}},"174":{"start":{"line":175,"column":0},"end":{"line":175,"column":15}},"175":{"start":{"line":176,"column":0},"end":{"line":176,"column":7}},"177":{"start":{"line":178,"column":0},"end":{"line":178,"column":2}},"179":{"start":{"line":180,"column":0},"end":{"line":180,"column":24}}},"s":{"0":1,"1":1,"16":1,"17":1,"18":1,"19":1,"21":1,"22":96,"23":96,"24":96,"25":96,"26":96,"27":96,"28":96,"29":96,"30":96,"33":96,"34":15,"35":96,"38":96,"39":9,"40":9,"41":9,"42":96,"45":96,"46":4,"47":4,"48":4,"49":4,"50":4,"51":4,"52":4,"53":4,"54":4,"55":4,"57":96,"58":1,"59":1,"62":96,"63":1,"64":1,"65":1,"66":1,"69":96,"70":1,"71":1,"72":1,"73":1,"76":96,"77":24,"78":96,"80":96,"81":96,"83":96,"84":96,"85":96,"86":96,"87":96,"88":96,"89":96,"91":96,"93":96,"95":96,"96":96,"97":96,"98":96,"99":96,"101":96,"102":96,"103":96,"106":96,"107":96,"108":74,"109":74,"110":74,"111":74,"112":74,"113":74,"114":74,"115":74,"116":74,"117":74,"118":74,"120":74,"121":74,"122":74,"123":74,"124":74,"125":96,"126":96,"127":96,"130":96,"131":96,"132":96,"133":96,"134":96,"135":96,"136":96,"137":96,"138":96,"139":96,"140":96,"141":96,"142":96,"143":96,"144":96,"145":96,"146":96,"147":96,"148":96,"149":96,"150":96,"151":96,"152":96,"153":96,"154":96,"155":96,"156":96,"157":96,"158":96,"159":96,"160":96,"161":96,"162":96,"164":96,"165":96,"166":96,"167":96,"168":96,"169":96,"170":96,"172":96,"173":96,"174":96,"175":96,"177":96,"179":1},"branchMap":{"0":{"type":"branch","line":22,"loc":{"start":{"line":22,"column":17},"end":{"line":178,"column":2}},"locations":[{"start":{"line":22,"column":17},"end":{"line":178,"column":2}}]},"1":{"type":"branch","line":145,"loc":{"start":{"line":145,"column":47},"end":{"line":145,"column":73}},"locations":[{"start":{"line":145,"column":47},"end":{"line":145,"column":73}}]},"2":{"type":"branch","line":145,"loc":{"start":{"line":145,"column":52},"end":{"line":145,"column":76}},"locations":[{"start":{"line":145,"column":52},"end":{"line":145,"column":76}}]},"3":{"type":"branch","line":159,"loc":{"start":{"line":159,"column":38},"end":{"line":159,"column":71}},"locations":[{"start":{"line":159,"column":38},"end":{"line":159,"column":71}}]},"4":{"type":"branch","line":159,"loc":{"start":{"line":159,"column":43},"end":{"line":159,"column":74}},"locations":[{"start":{"line":159,"column":43},"end":{"line":159,"column":74}}]},"5":{"type":"branch","line":34,"loc":{"start":{"line":34,"column":12},"end":{"line":36,"column":5}},"locations":[{"start":{"line":34,"column":12},"end":{"line":36,"column":5}}]},"6":{"type":"branch","line":39,"loc":{"start":{"line":39,"column":12},"end":{"line":43,"column":5}},"locations":[{"start":{"line":39,"column":12},"end":{"line":43,"column":5}}]},"7":{"type":"branch","line":46,"loc":{"start":{"line":46,"column":29},"end":{"line":56,"column":4}},"locations":[{"start":{"line":46,"column":29},"end":{"line":56,"column":4}}]},"8":{"type":"branch","line":47,"loc":{"start":{"line":47,"column":42},"end":{"line":47,"column":78}},"locations":[{"start":{"line":47,"column":42},"end":{"line":47,"column":78}}]},"9":{"type":"branch","line":58,"loc":{"start":{"line":58,"column":35},"end":{"line":60,"column":4}},"locations":[{"start":{"line":58,"column":35},"end":{"line":60,"column":4}}]},"10":{"type":"branch","line":63,"loc":{"start":{"line":63,"column":28},"end":{"line":67,"column":4}},"locations":[{"start":{"line":63,"column":28},"end":{"line":67,"column":4}}]},"11":{"type":"branch","line":70,"loc":{"start":{"line":70,"column":30},"end":{"line":74,"column":4}},"locations":[{"start":{"line":70,"column":30},"end":{"line":74,"column":4}}]},"12":{"type":"branch","line":77,"loc":{"start":{"line":77,"column":12},"end":{"line":79,"column":5}},"locations":[{"start":{"line":77,"column":12},"end":{"line":79,"column":5}}]},"13":{"type":"branch","line":78,"loc":{"start":{"line":78,"column":42},"end":{"line":78,"column":73}},"locations":[{"start":{"line":78,"column":42},"end":{"line":78,"column":73}}]},"14":{"type":"branch","line":108,"loc":{"start":{"line":108,"column":22},"end":{"line":125,"column":21}},"locations":[{"start":{"line":108,"column":22},"end":{"line":125,"column":21}}]},"15":{"type":"branch","line":112,"loc":{"start":{"line":112,"column":21},"end":{"line":112,"column":65}},"locations":[{"start":{"line":112,"column":21},"end":{"line":112,"column":65}}]},"16":{"type":"branch","line":143,"loc":{"start":{"line":143,"column":22},"end":{"line":143,"column":60}},"locations":[{"start":{"line":143,"column":22},"end":{"line":143,"column":60}}]},"17":{"type":"branch","line":156,"loc":{"start":{"line":156,"column":22},"end":{"line":156,"column":60}},"locations":[{"start":{"line":156,"column":22},"end":{"line":156,"column":60}}]}},"b":{"0":[96],"1":[68],"2":[28],"3":[84],"4":[12],"5":[15],"6":[9],"7":[4],"8":[4],"9":[1],"10":[1],"11":[1],"12":[24],"13":[14],"14":[74],"15":[4],"16":[8],"17":[6]},"fnMap":{"0":{"name":"Channels","decl":{"start":{"line":22,"column":17},"end":{"line":178,"column":2}},"loc":{"start":{"line":22,"column":17},"end":{"line":178,"column":2}},"line":22},"1":{"name":"handleChannelClick","decl":{"start":{"line":46,"column":29},"end":{"line":56,"column":4}},"loc":{"start":{"line":46,"column":29},"end":{"line":56,"column":4}},"line":46},"2":{"name":"handleCreateChannelClick","decl":{"start":{"line":58,"column":35},"end":{"line":60,"column":4}},"loc":{"start":{"line":58,"column":35},"end":{"line":60,"column":4}},"line":58},"3":{"name":"handleDialogClose","decl":{"start":{"line":63,"column":28},"end":{"line":67,"column":4}},"loc":{"start":{"line":63,"column":28},"end":{"line":67,"column":4}},"line":63},"4":{"name":"handleCreateChannel","decl":{"start":{"line":70,"column":30},"end":{"line":74,"column":4}},"loc":{"start":{"line":70,"column":30},"end":{"line":74,"column":4}},"line":70},"5":{"name":"onClick","decl":{"start":{"line":112,"column":21},"end":{"line":112,"column":65}},"loc":{"start":{"line":112,"column":21},"end":{"line":112,"column":65}},"line":112},"6":{"name":"onChange","decl":{"start":{"line":143,"column":22},"end":{"line":143,"column":60}},"loc":{"start":{"line":143,"column":22},"end":{"line":143,"column":60}},"line":143},"7":{"name":"onChange","decl":{"start":{"line":156,"column":22},"end":{"line":156,"column":60}},"loc":{"start":{"line":156,"column":22},"end":{"line":156,"column":60}},"line":156}},"f":{"0":96,"1":4,"2":1,"3":1,"4":1,"5":4,"6":8,"7":6}}
,"C:\\Users\\Nathan\\Desktop\\CSE186\\asgn8\\frontend\\src\\components\\SideNav.jsx": {"path":"C:\\Users\\Nathan\\Desktop\\CSE186\\asgn8\\frontend\\src\\components\\SideNav.jsx","all":false,"statementMap":{"0":{"start":{"line":1,"column":0},"end":{"line":1,"column":8}},"6":{"start":{"line":7,"column":0},"end":{"line":7,"column":34}},"8":{"start":{"line":9,"column":0},"end":{"line":9,"column":23}},"9":{"start":{"line":10,"column":0},"end":{"line":10,"column":27}},"10":{"start":{"line":11,"column":0},"end":{"line":11,"column":63}},"12":{"start":{"line":13,"column":0},"end":{"line":13,"column":10}},"13":{"start":{"line":14,"column":0},"end":{"line":14,"column":11}},"14":{"start":{"line":15,"column":0},"end":{"line":15,"column":52}},"15":{"start":{"line":16,"column":0},"end":{"line":16,"column":17}},"16":{"start":{"line":17,"column":0},"end":{"line":17,"column":11}},"17":{"start":{"line":18,"column":0},"end":{"line":18,"column":41}},"18":{"start":{"line":19,"column":0},"end":{"line":19,"column":24}},"19":{"start":{"line":20,"column":0},"end":{"line":20,"column":31}},"20":{"start":{"line":21,"column":0},"end":{"line":21,"column":41}},"21":{"start":{"line":22,"column":0},"end":{"line":22,"column":34}},"22":{"start":{"line":23,"column":0},"end":{"line":23,"column":28}},"23":{"start":{"line":24,"column":0},"end":{"line":24,"column":58}},"24":{"start":{"line":25,"column":0},"end":{"line":25,"column":10}},"25":{"start":{"line":26,"column":0},"end":{"line":26,"column":8}},"26":{"start":{"line":27,"column":0},"end":{"line":27,"column":34}},"28":{"start":{"line":29,"column":0},"end":{"line":29,"column":17}},"29":{"start":{"line":30,"column":0},"end":{"line":30,"column":18}},"30":{"start":{"line":31,"column":0},"end":{"line":31,"column":13}},"32":{"start":{"line":33,"column":0},"end":{"line":33,"column":2}},"34":{"start":{"line":35,"column":0},"end":{"line":35,"column":23}}},"s":{"0":1,"6":1,"8":1,"9":52,"10":52,"12":52,"13":52,"14":52,"15":52,"16":52,"17":52,"18":52,"19":52,"20":52,"21":52,"22":52,"23":52,"24":52,"25":52,"26":52,"28":52,"29":52,"30":52,"32":52,"34":1},"branchMap":{"0":{"type":"branch","line":9,"loc":{"start":{"line":9,"column":16},"end":{"line":33,"column":2}},"locations":[{"start":{"line":9,"column":16},"end":{"line":33,"column":2}}]},"1":{"type":"branch","line":15,"loc":{"start":{"line":15,"column":15},"end":{"line":15,"column":40}},"locations":[{"start":{"line":15,"column":15},"end":{"line":15,"column":40}}]},"2":{"type":"branch","line":15,"loc":{"start":{"line":15,"column":26},"end":{"line":15,"column":52}},"locations":[{"start":{"line":15,"column":26},"end":{"line":15,"column":52}}]},"3":{"type":"branch","line":18,"loc":{"start":{"line":18,"column":17},"end":{"line":18,"column":37}},"locations":[{"start":{"line":18,"column":17},"end":{"line":18,"column":37}}]},"4":{"type":"branch","line":18,"loc":{"start":{"line":18,"column":28},"end":{"line":18,"column":41}},"locations":[{"start":{"line":18,"column":28},"end":{"line":18,"column":41}}]},"5":{"type":"branch","line":21,"loc":{"start":{"line":21,"column":17},"end":{"line":21,"column":37}},"locations":[{"start":{"line":21,"column":17},"end":{"line":21,"column":37}}]},"6":{"type":"branch","line":21,"loc":{"start":{"line":21,"column":28},"end":{"line":21,"column":41}},"locations":[{"start":{"line":21,"column":28},"end":{"line":21,"column":41}}]}},"b":{"0":[52],"1":[2],"2":[50],"3":[2],"4":[50],"5":[2],"6":[50]},"fnMap":{"0":{"name":"SideNav","decl":{"start":{"line":9,"column":16},"end":{"line":33,"column":2}},"loc":{"start":{"line":9,"column":16},"end":{"line":33,"column":2}},"line":9}},"f":{"0":52}}
,"C:\\Users\\Nathan\\Desktop\\CSE186\\asgn8\\frontend\\src\\components\\TopBar.jsx": {"path":"C:\\Users\\Nathan\\Desktop\\CSE186\\asgn8\\frontend\\src\\components\\TopBar.jsx","all":false,"statementMap":{"0":{"start":{"line":1,"column":0},"end":{"line":1,"column":58}},"1":{"start":{"line":2,"column":0},"end":{"line":2,"column":52}},"2":{"start":{"line":3,"column":0},"end":{"line":3,"column":61}},"3":{"start":{"line":4,"column":0},"end":{"line":4,"column":59}},"5":{"start":{"line":6,"column":0},"end":{"line":6,"column":22}},"6":{"start":{"line":7,"column":0},"end":{"line":7,"column":44}},"7":{"start":{"line":8,"column":0},"end":{"line":8,"column":41}},"9":{"start":{"line":10,"column":0},"end":{"line":10,"column":10}},"10":{"start":{"line":11,"column":0},"end":{"line":11,"column":79}},"11":{"start":{"line":12,"column":0},"end":{"line":12,"column":35}},"13":{"start":{"line":14,"column":0},"end":{"line":14,"column":75}},"14":{"start":{"line":15,"column":0},"end":{"line":15,"column":80}},"15":{"start":{"line":16,"column":0},"end":{"line":16,"column":21}},"18":{"start":{"line":19,"column":0},"end":{"line":19,"column":29}},"19":{"start":{"line":20,"column":0},"end":{"line":20,"column":16}},"20":{"start":{"line":21,"column":0},"end":{"line":21,"column":13}},"22":{"start":{"line":23,"column":0},"end":{"line":23,"column":2}},"24":{"start":{"line":25,"column":0},"end":{"line":25,"column":22}}},"s":{"0":1,"1":1,"2":1,"3":1,"5":1,"6":61,"7":61,"9":61,"10":61,"11":61,"13":61,"14":61,"15":61,"18":61,"19":61,"20":61,"22":61,"24":1},"branchMap":{"0":{"type":"branch","line":6,"loc":{"start":{"line":6,"column":15},"end":{"line":23,"column":2}},"locations":[{"start":{"line":6,"column":15},"end":{"line":23,"column":2}}]},"1":{"type":"branch","line":15,"loc":{"start":{"line":15,"column":27},"end":{"line":15,"column":57}},"locations":[{"start":{"line":15,"column":27},"end":{"line":15,"column":57}}]},"2":{"type":"branch","line":15,"loc":{"start":{"line":15,"column":50},"end":{"line":15,"column":80}},"locations":[{"start":{"line":15,"column":50},"end":{"line":15,"column":80}}]},"3":{"type":"branch","line":11,"loc":{"start":{"line":11,"column":42},"end":{"line":11,"column":76}},"locations":[{"start":{"line":11,"column":42},"end":{"line":11,"column":76}}]}},"b":{"0":[61],"1":[35],"2":[26],"3":[61]},"fnMap":{"0":{"name":"TopBar","decl":{"start":{"line":6,"column":15},"end":{"line":23,"column":2}},"loc":{"start":{"line":6,"column":15},"end":{"line":23,"column":2}},"line":6},"1":{"name":"zIndex","decl":{"start":{"line":11,"column":42},"end":{"line":11,"column":76}},"loc":{"start":{"line":11,"column":42},"end":{"line":11,"column":76}},"line":11}},"f":{"0":61,"1":61}}
,"C:\\Users\\Nathan\\Desktop\\CSE186\\asgn8\\frontend\\src\\components\\WorkspaceDropdown.jsx": {"path":"C:\\Users\\Nathan\\Desktop\\CSE186\\asgn8\\frontend\\src\\components\\WorkspaceDropdown.jsx","all":false,"statementMap":{"0":{"start":{"line":1,"column":0},"end":{"line":1,"column":42}},"1":{"start":{"line":2,"column":0},"end":{"line":2,"column":8}},"14":{"start":{"line":15,"column":0},"end":{"line":15,"column":74}},"15":{"start":{"line":16,"column":0},"end":{"line":16,"column":57}},"16":{"start":{"line":17,"column":0},"end":{"line":17,"column":45}},"18":{"start":{"line":19,"column":0},"end":{"line":19,"column":33}},"19":{"start":{"line":20,"column":0},"end":{"line":20,"column":33}},"20":{"start":{"line":21,"column":0},"end":{"line":21,"column":49}},"21":{"start":{"line":22,"column":0},"end":{"line":22,"column":54}},"22":{"start":{"line":23,"column":0},"end":{"line":23,"column":57}},"23":{"start":{"line":24,"column":0},"end":{"line":24,"column":71}},"24":{"start":{"line":25,"column":0},"end":{"line":25,"column":56}},"26":{"start":{"line":27,"column":0},"end":{"line":27,"column":77}},"27":{"start":{"line":28,"column":0},"end":{"line":28,"column":19}},"29":{"start":{"line":30,"column":0},"end":{"line":30,"column":19}},"30":{"start":{"line":31,"column":0},"end":{"line":31,"column":22}},"31":{"start":{"line":32,"column":0},"end":{"line":32,"column":9}},"33":{"start":{"line":34,"column":0},"end":{"line":34,"column":33}},"35":{"start":{"line":36,"column":0},"end":{"line":36,"column":34}},"36":{"start":{"line":37,"column":0},"end":{"line":37,"column":37}},"37":{"start":{"line":38,"column":0},"end":{"line":38,"column":4}},"39":{"start":{"line":40,"column":0},"end":{"line":40,"column":29}},"40":{"start":{"line":41,"column":0},"end":{"line":41,"column":22}},"41":{"start":{"line":42,"column":0},"end":{"line":42,"column":4}},"43":{"start":{"line":44,"column":0},"end":{"line":44,"column":44}},"44":{"start":{"line":45,"column":0},"end":{"line":45,"column":24}},"45":{"start":{"line":46,"column":0},"end":{"line":46,"column":18}},"46":{"start":{"line":47,"column":0},"end":{"line":47,"column":4}},"48":{"start":{"line":49,"column":0},"end":{"line":49,"column":35}},"49":{"start":{"line":50,"column":0},"end":{"line":50,"column":25}},"50":{"start":{"line":51,"column":0},"end":{"line":51,"column":25}},"51":{"start":{"line":52,"column":0},"end":{"line":52,"column":32}},"52":{"start":{"line":53,"column":0},"end":{"line":53,"column":4}},"54":{"start":{"line":55,"column":0},"end":{"line":55,"column":45}},"55":{"start":{"line":56,"column":0},"end":{"line":56,"column":47}},"56":{"start":{"line":57,"column":0},"end":{"line":57,"column":22}},"57":{"start":{"line":58,"column":0},"end":{"line":58,"column":29}},"58":{"start":{"line":59,"column":0},"end":{"line":59,"column":6}},"59":{"start":{"line":60,"column":0},"end":{"line":60,"column":25}},"60":{"start":{"line":61,"column":0},"end":{"line":61,"column":26}},"61":{"start":{"line":62,"column":0},"end":{"line":62,"column":35}},"62":{"start":{"line":63,"column":0},"end":{"line":63,"column":49}},"63":{"start":{"line":64,"column":0},"end":{"line":64,"column":7}},"64":{"start":{"line":65,"column":0},"end":{"line":65,"column":24}},"65":{"start":{"line":66,"column":0},"end":{"line":66,"column":4}},"67":{"start":{"line":68,"column":0},"end":{"line":68,"column":52}},"68":{"start":{"line":69,"column":0},"end":{"line":69,"column":40}},"69":{"start":{"line":70,"column":0},"end":{"line":70,"column":49}},"70":{"start":{"line":71,"column":0},"end":{"line":71,"column":28}},"71":{"start":{"line":72,"column":0},"end":{"line":72,"column":27}},"72":{"start":{"line":73,"column":0},"end":{"line":73,"column":33}},"73":{"start":{"line":74,"column":0},"end":{"line":74,"column":37}},"74":{"start":{"line":75,"column":0},"end":{"line":75,"column":51}},"75":{"start":{"line":76,"column":0},"end":{"line":76,"column":9}},"76":{"start":{"line":77,"column":0},"end":{"line":77,"column":5}},"78":{"start":{"line":79,"column":0},"end":{"line":79,"column":18}},"79":{"start":{"line":80,"column":0},"end":{"line":80,"column":18}},"80":{"start":{"line":81,"column":0},"end":{"line":81,"column":4}},"82":{"start":{"line":83,"column":0},"end":{"line":83,"column":19}},"83":{"start":{"line":84,"column":0},"end":{"line":84,"column":19}},"84":{"start":{"line":85,"column":0},"end":{"line":85,"column":74}},"85":{"start":{"line":86,"column":0},"end":{"line":86,"column":6}},"86":{"start":{"line":87,"column":0},"end":{"line":87,"column":44}},"88":{"start":{"line":89,"column":0},"end":{"line":89,"column":10}},"89":{"start":{"line":90,"column":0},"end":{"line":90,"column":9}},"90":{"start":{"line":91,"column":0},"end":{"line":91,"column":17}},"91":{"start":{"line":92,"column":0},"end":{"line":92,"column":29}},"92":{"start":{"line":93,"column":0},"end":{"line":93,"column":35}},"93":{"start":{"line":94,"column":0},"end":{"line":94,"column":59}},"94":{"start":{"line":95,"column":0},"end":{"line":95,"column":28}},"95":{"start":{"line":96,"column":0},"end":{"line":96,"column":49}},"96":{"start":{"line":97,"column":0},"end":{"line":97,"column":31}},"98":{"start":{"line":99,"column":0},"end":{"line":99,"column":33}},"99":{"start":{"line":100,"column":0},"end":{"line":100,"column":19}},"100":{"start":{"line":101,"column":0},"end":{"line":101,"column":66}},"102":{"start":{"line":103,"column":0},"end":{"line":103,"column":40}},"103":{"start":{"line":104,"column":0},"end":{"line":104,"column":19}},"104":{"start":{"line":105,"column":0},"end":{"line":105,"column":30}},"105":{"start":{"line":106,"column":0},"end":{"line":106,"column":65}},"106":{"start":{"line":107,"column":0},"end":{"line":107,"column":54}},"108":{"start":{"line":109,"column":0},"end":{"line":109,"column":69}},"109":{"start":{"line":110,"column":0},"end":{"line":110,"column":21}},"110":{"start":{"line":111,"column":0},"end":{"line":111,"column":11}},"113":{"start":{"line":114,"column":0},"end":{"line":114,"column":19}},"116":{"start":{"line":117,"column":0},"end":{"line":117,"column":17}},"117":{"start":{"line":118,"column":0},"end":{"line":118,"column":46}},"118":{"start":{"line":119,"column":0},"end":{"line":119,"column":39}},"120":{"start":{"line":121,"column":0},"end":{"line":121,"column":67}},"121":{"start":{"line":122,"column":0},"end":{"line":122,"column":19}},"122":{"start":{"line":123,"column":0},"end":{"line":123,"column":13}},"125":{"start":{"line":126,"column":0},"end":{"line":126,"column":60}},"126":{"start":{"line":127,"column":0},"end":{"line":127,"column":55}},"127":{"start":{"line":128,"column":0},"end":{"line":128,"column":23}},"128":{"start":{"line":129,"column":0},"end":{"line":129,"column":20}},"129":{"start":{"line":130,"column":0},"end":{"line":130,"column":21}},"130":{"start":{"line":131,"column":0},"end":{"line":131,"column":20}},"131":{"start":{"line":132,"column":0},"end":{"line":132,"column":26}},"132":{"start":{"line":133,"column":0},"end":{"line":133,"column":24}},"133":{"start":{"line":134,"column":0},"end":{"line":134,"column":45}},"134":{"start":{"line":135,"column":0},"end":{"line":135,"column":23}},"135":{"start":{"line":136,"column":0},"end":{"line":136,"column":21}},"136":{"start":{"line":137,"column":0},"end":{"line":137,"column":33}},"137":{"start":{"line":138,"column":0},"end":{"line":138,"column":62}},"138":{"start":{"line":139,"column":0},"end":{"line":139,"column":47}},"139":{"start":{"line":140,"column":0},"end":{"line":140,"column":24}},"140":{"start":{"line":141,"column":0},"end":{"line":141,"column":77}},"142":{"start":{"line":143,"column":0},"end":{"line":143,"column":12}},"143":{"start":{"line":144,"column":0},"end":{"line":144,"column":20}},"144":{"start":{"line":145,"column":0},"end":{"line":145,"column":20}},"145":{"start":{"line":146,"column":0},"end":{"line":146,"column":26}},"146":{"start":{"line":147,"column":0},"end":{"line":147,"column":41}},"147":{"start":{"line":148,"column":0},"end":{"line":148,"column":52}},"148":{"start":{"line":149,"column":0},"end":{"line":149,"column":23}},"149":{"start":{"line":150,"column":0},"end":{"line":150,"column":21}},"150":{"start":{"line":151,"column":0},"end":{"line":151,"column":40}},"151":{"start":{"line":152,"column":0},"end":{"line":152,"column":69}},"152":{"start":{"line":153,"column":0},"end":{"line":153,"column":54}},"153":{"start":{"line":154,"column":0},"end":{"line":154,"column":24}},"154":{"start":{"line":155,"column":0},"end":{"line":155,"column":34}},"155":{"start":{"line":156,"column":0},"end":{"line":156,"column":65}},"157":{"start":{"line":158,"column":0},"end":{"line":158,"column":12}},"158":{"start":{"line":159,"column":0},"end":{"line":159,"column":24}},"159":{"start":{"line":160,"column":0},"end":{"line":160,"column":23}},"160":{"start":{"line":161,"column":0},"end":{"line":161,"column":66}},"162":{"start":{"line":163,"column":0},"end":{"line":163,"column":19}},"163":{"start":{"line":164,"column":0},"end":{"line":164,"column":17}},"164":{"start":{"line":165,"column":0},"end":{"line":165,"column":43}},"165":{"start":{"line":166,"column":0},"end":{"line":166,"column":31}},"166":{"start":{"line":167,"column":0},"end":{"line":167,"column":35}},"167":{"start":{"line":168,"column":0},"end":{"line":168,"column":11}},"169":{"start":{"line":170,"column":0},"end":{"line":170,"column":19}},"170":{"start":{"line":171,"column":0},"end":{"line":171,"column":24}},"171":{"start":{"line":172,"column":0},"end":{"line":172,"column":15}},"172":{"start":{"line":173,"column":0},"end":{"line":173,"column":10}},"174":{"start":{"line":175,"column":0},"end":{"line":175,"column":2}},"176":{"start":{"line":177,"column":0},"end":{"line":177,"column":33}}},"s":{"0":1,"1":1,"14":1,"15":1,"16":1,"18":1,"19":129,"20":129,"21":129,"22":129,"23":129,"24":129,"26":129,"27":129,"29":129,"30":14,"31":129,"33":129,"35":129,"36":13,"37":13,"39":129,"40":11,"41":11,"43":129,"44":4,"45":4,"46":4,"48":129,"49":2,"50":2,"51":2,"52":2,"54":129,"55":1,"56":1,"57":1,"58":1,"59":1,"60":1,"61":1,"62":1,"63":1,"64":1,"65":1,"67":129,"68":7,"69":7,"70":7,"71":7,"72":7,"73":7,"74":7,"75":7,"76":7,"78":7,"79":7,"80":7,"82":129,"83":31,"84":31,"85":31,"86":129,"88":129,"89":129,"90":129,"91":129,"92":129,"93":129,"94":129,"95":129,"96":129,"98":129,"99":129,"100":129,"102":129,"103":182,"104":182,"105":182,"106":182,"108":182,"109":182,"110":129,"113":129,"116":129,"117":129,"118":129,"120":129,"121":129,"122":129,"125":129,"126":129,"127":129,"128":129,"129":129,"130":129,"131":129,"132":129,"133":129,"134":129,"135":129,"136":129,"137":129,"138":129,"139":129,"140":129,"142":129,"143":129,"144":129,"145":129,"146":129,"147":129,"148":129,"149":129,"150":129,"151":129,"152":129,"153":129,"154":129,"155":129,"157":129,"158":129,"159":129,"160":129,"162":129,"163":129,"164":129,"165":129,"166":129,"167":129,"169":129,"170":129,"171":129,"172":129,"174":129,"176":1},"branchMap":{"0":{"type":"branch","line":19,"loc":{"start":{"line":19,"column":26},"end":{"line":175,"column":2}},"locations":[{"start":{"line":19,"column":26},"end":{"line":175,"column":2}}]},"1":{"type":"branch","line":94,"loc":{"start":{"line":94,"column":23},"end":{"line":94,"column":49}},"locations":[{"start":{"line":94,"column":23},"end":{"line":94,"column":49}}]},"2":{"type":"branch","line":94,"loc":{"start":{"line":94,"column":30},"end":{"line":94,"column":59}},"locations":[{"start":{"line":94,"column":30},"end":{"line":94,"column":59}}]},"3":{"type":"branch","line":96,"loc":{"start":{"line":96,"column":23},"end":{"line":96,"column":39}},"locations":[{"start":{"line":96,"column":23},"end":{"line":96,"column":39}}]},"4":{"type":"branch","line":96,"loc":{"start":{"line":96,"column":30},"end":{"line":96,"column":49}},"locations":[{"start":{"line":96,"column":30},"end":{"line":96,"column":49}}]},"5":{"type":"branch","line":141,"loc":{"start":{"line":141,"column":39},"end":{"line":141,"column":75}},"locations":[{"start":{"line":141,"column":39},"end":{"line":141,"column":75}}]},"6":{"type":"branch","line":141,"loc":{"start":{"line":141,"column":44},"end":{"line":141,"column":77}},"locations":[{"start":{"line":141,"column":44},"end":{"line":141,"column":77}}]},"7":{"type":"branch","line":156,"loc":{"start":{"line":156,"column":30},"end":{"line":156,"column":63}},"locations":[{"start":{"line":156,"column":30},"end":{"line":156,"column":63}}]},"8":{"type":"branch","line":156,"loc":{"start":{"line":156,"column":35},"end":{"line":156,"column":65}},"locations":[{"start":{"line":156,"column":35},"end":{"line":156,"column":65}}]},"9":{"type":"branch","line":30,"loc":{"start":{"line":30,"column":12},"end":{"line":32,"column":5}},"locations":[{"start":{"line":30,"column":12},"end":{"line":32,"column":5}}]},"10":{"type":"branch","line":36,"loc":{"start":{"line":36,"column":22},"end":{"line":38,"column":4}},"locations":[{"start":{"line":36,"column":22},"end":{"line":38,"column":4}}]},"11":{"type":"branch","line":40,"loc":{"start":{"line":40,"column":22},"end":{"line":42,"column":4}},"locations":[{"start":{"line":40,"column":22},"end":{"line":42,"column":4}}]},"12":{"type":"branch","line":44,"loc":{"start":{"line":44,"column":37},"end":{"line":47,"column":4}},"locations":[{"start":{"line":44,"column":37},"end":{"line":47,"column":4}}]},"13":{"type":"branch","line":49,"loc":{"start":{"line":49,"column":28},"end":{"line":53,"column":4}},"locations":[{"start":{"line":49,"column":28},"end":{"line":53,"column":4}}]},"14":{"type":"branch","line":55,"loc":{"start":{"line":55,"column":32},"end":{"line":66,"column":4}},"locations":[{"start":{"line":55,"column":32},"end":{"line":66,"column":4}}]},"15":{"type":"branch","line":68,"loc":{"start":{"line":68,"column":32},"end":{"line":81,"column":4}},"locations":[{"start":{"line":68,"column":32},"end":{"line":81,"column":4}}]},"16":{"type":"branch","line":70,"loc":{"start":{"line":70,"column":14},"end":{"line":70,"column":47}},"locations":[{"start":{"line":70,"column":14},"end":{"line":70,"column":47}}]},"17":{"type":"branch","line":83,"loc":{"start":{"line":83,"column":12},"end":{"line":87,"column":5}},"locations":[{"start":{"line":83,"column":12},"end":{"line":87,"column":5}}]},"18":{"type":"branch","line":85,"loc":{"start":{"line":85,"column":33},"end":{"line":85,"column":74}},"locations":[{"start":{"line":85,"column":33},"end":{"line":85,"column":74}}]},"19":{"type":"branch","line":103,"loc":{"start":{"line":103,"column":24},"end":{"line":110,"column":21}},"locations":[{"start":{"line":103,"column":24},"end":{"line":110,"column":21}}]},"20":{"type":"branch","line":106,"loc":{"start":{"line":106,"column":21},"end":{"line":106,"column":65}},"locations":[{"start":{"line":106,"column":21},"end":{"line":106,"column":65}}]},"21":{"type":"branch","line":138,"loc":{"start":{"line":138,"column":22},"end":{"line":138,"column":62}},"locations":[{"start":{"line":138,"column":22},"end":{"line":138,"column":62}}]},"22":{"type":"branch","line":152,"loc":{"start":{"line":152,"column":22},"end":{"line":152,"column":69}},"locations":[{"start":{"line":152,"column":22},"end":{"line":152,"column":69}}]}},"b":{"0":[129],"1":[24],"2":[105],"3":[24],"4":[105],"5":[97],"6":[32],"7":[117],"8":[12],"9":[14],"10":[13],"11":[11],"12":[4],"13":[2],"14":[1],"15":[7],"16":[7],"17":[31],"18":[16],"19":[182],"20":[7],"21":[10],"22":[6]},"fnMap":{"0":{"name":"WorkspaceDropdown","decl":{"start":{"line":19,"column":26},"end":{"line":175,"column":2}},"loc":{"start":{"line":19,"column":26},"end":{"line":175,"column":2}},"line":19},"1":{"name":"handleClick","decl":{"start":{"line":36,"column":22},"end":{"line":38,"column":4}},"loc":{"start":{"line":36,"column":22},"end":{"line":38,"column":4}},"line":36},"2":{"name":"handleClose","decl":{"start":{"line":40,"column":22},"end":{"line":42,"column":4}},"loc":{"start":{"line":40,"column":22},"end":{"line":42,"column":4}},"line":40},"3":{"name":"handleCreateWorkspaceClick","decl":{"start":{"line":44,"column":37},"end":{"line":47,"column":4}},"loc":{"start":{"line":44,"column":37},"end":{"line":47,"column":4}},"line":44},"4":{"name":"handleDialogClose","decl":{"start":{"line":49,"column":28},"end":{"line":53,"column":4}},"loc":{"start":{"line":49,"column":28},"end":{"line":53,"column":4}},"line":49},"5":{"name":"handleCreateWorkspace","decl":{"start":{"line":55,"column":32},"end":{"line":66,"column":4}},"loc":{"start":{"line":55,"column":32},"end":{"line":66,"column":4}},"line":55},"6":{"name":"handleWorkspaceSelect","decl":{"start":{"line":68,"column":32},"end":{"line":81,"column":4}},"loc":{"start":{"line":68,"column":32},"end":{"line":81,"column":4}},"line":68},"7":{"name":"onClick","decl":{"start":{"line":106,"column":21},"end":{"line":106,"column":65}},"loc":{"start":{"line":106,"column":21},"end":{"line":106,"column":65}},"line":106},"8":{"name":"onChange","decl":{"start":{"line":138,"column":22},"end":{"line":138,"column":62}},"loc":{"start":{"line":138,"column":22},"end":{"line":138,"column":62}},"line":138},"9":{"name":"onChange","decl":{"start":{"line":152,"column":22},"end":{"line":152,"column":69}},"loc":{"start":{"line":152,"column":22},"end":{"line":152,"column":69}},"line":152}},"f":{"0":129,"1":13,"2":11,"3":4,"4":2,"5":1,"6":7,"7":7,"8":10,"9":6}}
,"C:\\Users\\Nathan\\Desktop\\CSE186\\asgn8\\frontend\\src\\context\\AuthContext.jsx": {"path":"C:\\Users\\Nathan\\Desktop\\CSE186\\asgn8\\frontend\\src\\context\\AuthContext.jsx","all":false,"statementMap":{"0":{"start":{"line":1,"column":0},"end":{"line":1,"column":58}},"1":{"start":{"line":2,"column":0},"end":{"line":2,"column":35}},"3":{"start":{"line":4,"column":0},"end":{"line":4,"column":36}},"5":{"start":{"line":6,"column":0},"end":{"line":6,"column":45}},"6":{"start":{"line":7,"column":0},"end":{"line":7,"column":41}},"7":{"start":{"line":8,"column":0},"end":{"line":8,"column":45}},"9":{"start":{"line":10,"column":0},"end":{"line":10,"column":44}},"10":{"start":{"line":11,"column":0},"end":{"line":11,"column":72}},"11":{"start":{"line":12,"column":0},"end":{"line":12,"column":21}},"12":{"start":{"line":13,"column":0},"end":{"line":13,"column":52}},"13":{"start":{"line":14,"column":0},"end":{"line":14,"column":28}},"14":{"start":{"line":15,"column":0},"end":{"line":15,"column":21}},"15":{"start":{"line":16,"column":0},"end":{"line":16,"column":27}},"16":{"start":{"line":17,"column":0},"end":{"line":17,"column":9}},"17":{"start":{"line":18,"column":0},"end":{"line":18,"column":7}},"19":{"start":{"line":20,"column":0},"end":{"line":20,"column":23}},"20":{"start":{"line":21,"column":0},"end":{"line":21,"column":38}},"21":{"start":{"line":22,"column":0},"end":{"line":22,"column":5}},"23":{"start":{"line":24,"column":0},"end":{"line":24,"column":39}},"24":{"start":{"line":25,"column":0},"end":{"line":25,"column":21}},"25":{"start":{"line":26,"column":0},"end":{"line":26,"column":46}},"26":{"start":{"line":27,"column":0},"end":{"line":27,"column":21}},"27":{"start":{"line":28,"column":0},"end":{"line":28,"column":4}},"29":{"start":{"line":30,"column":0},"end":{"line":30,"column":38}},"30":{"start":{"line":31,"column":0},"end":{"line":31,"column":87}},"31":{"start":{"line":32,"column":0},"end":{"line":32,"column":20}},"32":{"start":{"line":33,"column":0},"end":{"line":33,"column":52}},"33":{"start":{"line":34,"column":0},"end":{"line":34,"column":7}},"34":{"start":{"line":35,"column":0},"end":{"line":35,"column":39}},"35":{"start":{"line":36,"column":0},"end":{"line":36,"column":23}},"36":{"start":{"line":37,"column":0},"end":{"line":37,"column":4}},"38":{"start":{"line":39,"column":0},"end":{"line":39,"column":24}},"39":{"start":{"line":40,"column":0},"end":{"line":40,"column":37}},"40":{"start":{"line":41,"column":0},"end":{"line":41,"column":18}},"41":{"start":{"line":42,"column":0},"end":{"line":42,"column":4}},"43":{"start":{"line":44,"column":0},"end":{"line":44,"column":10}},"44":{"start":{"line":45,"column":0},"end":{"line":45,"column":64}},"45":{"start":{"line":46,"column":0},"end":{"line":46,"column":16}},"46":{"start":{"line":47,"column":0},"end":{"line":47,"column":27}},"48":{"start":{"line":49,"column":0},"end":{"line":49,"column":2}},"50":{"start":{"line":51,"column":0},"end":{"line":51,"column":26}},"51":{"start":{"line":52,"column":0},"end":{"line":52,"column":38}},"52":{"start":{"line":53,"column":0},"end":{"line":53,"column":2}},"54":{"start":{"line":55,"column":0},"end":{"line":55,"column":53}}},"s":{"0":1,"1":1,"3":1,"5":1,"6":22,"7":22,"9":22,"10":2,"11":2,"12":2,"13":2,"14":2,"15":2,"16":2,"17":2,"19":2,"20":1,"21":1,"23":1,"24":1,"25":1,"26":1,"27":2,"29":22,"30":1,"31":1,"32":1,"33":1,"34":1,"35":1,"36":1,"38":22,"39":1,"40":1,"41":1,"43":22,"44":22,"45":22,"46":22,"48":22,"50":1,"51":1,"52":1,"54":1},"branchMap":{"0":{"type":"branch","line":6,"loc":{"start":{"line":6,"column":28},"end":{"line":49,"column":2}},"locations":[{"start":{"line":6,"column":28},"end":{"line":49,"column":2}}]},"1":{"type":"branch","line":10,"loc":{"start":{"line":10,"column":16},"end":{"line":28,"column":4}},"locations":[{"start":{"line":10,"column":16},"end":{"line":28,"column":4}}]},"2":{"type":"branch","line":20,"loc":{"start":{"line":20,"column":22},"end":{"line":27,"column":21}},"locations":[{"start":{"line":20,"column":22},"end":{"line":27,"column":21}}]},"3":{"type":"branch","line":30,"loc":{"start":{"line":30,"column":20},"end":{"line":37,"column":4}},"locations":[{"start":{"line":30,"column":20},"end":{"line":37,"column":4}}]},"4":{"type":"branch","line":39,"loc":{"start":{"line":39,"column":17},"end":{"line":42,"column":4}},"locations":[{"start":{"line":39,"column":17},"end":{"line":42,"column":4}}]},"5":{"type":"branch","line":55,"loc":{"start":{"line":55,"column":23},"end":{"line":55,"column":53}},"locations":[{"start":{"line":55,"column":23},"end":{"line":55,"column":53}}]}},"b":{"0":[22],"1":[2],"2":[1],"3":[1],"4":[1],"5":[22]},"fnMap":{"0":{"name":"AuthProvider","decl":{"start":{"line":6,"column":28},"end":{"line":49,"column":2}},"loc":{"start":{"line":6,"column":28},"end":{"line":49,"column":2}},"line":6},"1":{"name":"login","decl":{"start":{"line":10,"column":16},"end":{"line":28,"column":4}},"loc":{"start":{"line":10,"column":16},"end":{"line":28,"column":4}},"line":10},"2":{"name":"getUserId","decl":{"start":{"line":30,"column":20},"end":{"line":37,"column":4}},"loc":{"start":{"line":30,"column":20},"end":{"line":37,"column":4}},"line":30},"3":{"name":"logout","decl":{"start":{"line":39,"column":17},"end":{"line":42,"column":4}},"loc":{"start":{"line":39,"column":17},"end":{"line":42,"column":4}},"line":39},"4":{"name":"useAuth","decl":{"start":{"line":55,"column":23},"end":{"line":55,"column":53}},"loc":{"start":{"line":55,"column":23},"end":{"line":55,"column":53}},"line":55}},"f":{"0":22,"1":2,"2":1,"3":1,"4":22}}
,"C:\\Users\\Nathan\\Desktop\\CSE186\\asgn8\\frontend\\src\\context\\ChannelsContext.jsx": {"path":"C:\\Users\\Nathan\\Desktop\\CSE186\\asgn8\\frontend\\src\\context\\ChannelsContext.jsx","all":false,"statementMap":{"0":{"start":{"line":1,"column":0},"end":{"line":1,"column":58}},"1":{"start":{"line":2,"column":0},"end":{"line":2,"column":35}},"2":{"start":{"line":3,"column":0},"end":{"line":3,"column":48}},"4":{"start":{"line":5,"column":0},"end":{"line":5,"column":40}},"6":{"start":{"line":7,"column":0},"end":{"line":7,"column":49}},"7":{"start":{"line":8,"column":0},"end":{"line":8,"column":47}},"8":{"start":{"line":9,"column":0},"end":{"line":9,"column":56}},"9":{"start":{"line":10,"column":0},"end":{"line":10,"column":44}},"10":{"start":{"line":11,"column":0},"end":{"line":11,"column":5}},"11":{"start":{"line":12,"column":0},"end":{"line":12,"column":44}},"12":{"start":{"line":13,"column":0},"end":{"line":13,"column":35}},"14":{"start":{"line":15,"column":0},"end":{"line":15,"column":37}},"15":{"start":{"line":16,"column":0},"end":{"line":16,"column":37}},"17":{"start":{"line":18,"column":0},"end":{"line":18,"column":94}},"18":{"start":{"line":19,"column":0},"end":{"line":19,"column":20}},"19":{"start":{"line":20,"column":0},"end":{"line":20,"column":16}},"20":{"start":{"line":21,"column":0},"end":{"line":21,"column":65}},"21":{"start":{"line":22,"column":0},"end":{"line":22,"column":8}},"22":{"start":{"line":23,"column":0},"end":{"line":23,"column":7}},"24":{"start":{"line":25,"column":0},"end":{"line":25,"column":39}},"25":{"start":{"line":26,"column":0},"end":{"line":26,"column":22}},"26":{"start":{"line":27,"column":0},"end":{"line":27,"column":4}},"28":{"start":{"line":29,"column":0},"end":{"line":29,"column":54}},"29":{"start":{"line":30,"column":0},"end":{"line":30,"column":77}},"30":{"start":{"line":31,"column":0},"end":{"line":31,"column":21}},"31":{"start":{"line":32,"column":0},"end":{"line":32,"column":16}},"32":{"start":{"line":33,"column":0},"end":{"line":33,"column":43}},"33":{"start":{"line":34,"column":0},"end":{"line":34,"column":67}},"34":{"start":{"line":35,"column":0},"end":{"line":35,"column":8}},"35":{"start":{"line":36,"column":0},"end":{"line":36,"column":28}},"36":{"start":{"line":37,"column":0},"end":{"line":37,"column":13}},"37":{"start":{"line":38,"column":0},"end":{"line":38,"column":20}},"38":{"start":{"line":39,"column":0},"end":{"line":39,"column":9}},"39":{"start":{"line":40,"column":0},"end":{"line":40,"column":7}},"41":{"start":{"line":42,"column":0},"end":{"line":42,"column":26}},"42":{"start":{"line":43,"column":0},"end":{"line":43,"column":4}},"44":{"start":{"line":45,"column":0},"end":{"line":45,"column":10}},"45":{"start":{"line":46,"column":0},"end":{"line":46,"column":38}},"46":{"start":{"line":47,"column":0},"end":{"line":47,"column":15}},"47":{"start":{"line":48,"column":0},"end":{"line":48,"column":18}},"48":{"start":{"line":49,"column":0},"end":{"line":49,"column":20}},"49":{"start":{"line":50,"column":0},"end":{"line":50,"column":21}},"50":{"start":{"line":51,"column":0},"end":{"line":51,"column":24}},"51":{"start":{"line":52,"column":0},"end":{"line":52,"column":22}},"52":{"start":{"line":53,"column":0},"end":{"line":53,"column":16}},"53":{"start":{"line":54,"column":0},"end":{"line":54,"column":31}},"55":{"start":{"line":56,"column":0},"end":{"line":56,"column":2}},"57":{"start":{"line":58,"column":0},"end":{"line":58,"column":30}},"58":{"start":{"line":59,"column":0},"end":{"line":59,"column":38}},"59":{"start":{"line":60,"column":0},"end":{"line":60,"column":2}},"61":{"start":{"line":62,"column":0},"end":{"line":62,"column":61}}},"s":{"0":1,"1":1,"2":1,"4":1,"6":1,"7":43,"8":43,"9":43,"10":43,"11":43,"12":43,"14":43,"15":17,"17":8,"18":8,"19":8,"20":8,"21":8,"22":8,"24":8,"25":8,"26":17,"28":43,"29":1,"30":1,"31":1,"32":1,"33":1,"34":1,"35":1,"36":1,"37":1,"38":1,"39":1,"41":1,"42":1,"44":43,"45":43,"46":43,"47":43,"48":43,"49":43,"50":43,"51":43,"52":43,"53":43,"55":43,"57":1,"58":1,"59":1,"61":1},"branchMap":{"0":{"type":"branch","line":7,"loc":{"start":{"line":7,"column":32},"end":{"line":56,"column":2}},"locations":[{"start":{"line":7,"column":32},"end":{"line":56,"column":2}}]},"1":{"type":"branch","line":15,"loc":{"start":{"line":15,"column":24},"end":{"line":27,"column":4}},"locations":[{"start":{"line":15,"column":24},"end":{"line":27,"column":4}}]},"2":{"type":"branch","line":16,"loc":{"start":{"line":16,"column":30},"end":{"line":26,"column":22}},"locations":[{"start":{"line":16,"column":30},"end":{"line":26,"column":22}}]},"3":{"type":"branch","line":16,"loc":{"start":{"line":16,"column":30},"end":{"line":16,"column":37}},"locations":[{"start":{"line":16,"column":30},"end":{"line":16,"column":37}}]},"4":{"type":"branch","line":16,"loc":{"start":{"line":16,"column":30},"end":{"line":26,"column":22}},"locations":[{"start":{"line":16,"column":30},"end":{"line":26,"column":22}}]},"5":{"type":"branch","line":29,"loc":{"start":{"line":29,"column":24},"end":{"line":43,"column":4}},"locations":[{"start":{"line":29,"column":24},"end":{"line":43,"column":4}}]},"6":{"type":"branch","line":62,"loc":{"start":{"line":62,"column":27},"end":{"line":62,"column":61}},"locations":[{"start":{"line":62,"column":27},"end":{"line":62,"column":61}}]}},"b":{"0":[43],"1":[17],"2":[14],"3":[9],"4":[8],"5":[1],"6":[226]},"fnMap":{"0":{"name":"ChannelsProvider","decl":{"start":{"line":7,"column":32},"end":{"line":56,"column":2}},"loc":{"start":{"line":7,"column":32},"end":{"line":56,"column":2}},"line":7},"1":{"name":"fetchChannels","decl":{"start":{"line":15,"column":24},"end":{"line":27,"column":4}},"loc":{"start":{"line":15,"column":24},"end":{"line":27,"column":4}},"line":15},"2":{"name":"createChannel","decl":{"start":{"line":29,"column":24},"end":{"line":43,"column":4}},"loc":{"start":{"line":29,"column":24},"end":{"line":43,"column":4}},"line":29},"3":{"name":"useChannels","decl":{"start":{"line":62,"column":27},"end":{"line":62,"column":61}},"loc":{"start":{"line":62,"column":27},"end":{"line":62,"column":61}},"line":62}},"f":{"0":43,"1":17,"2":1,"3":226}}
,"C:\\Users\\Nathan\\Desktop\\CSE186\\asgn8\\frontend\\src\\context\\IsMobileContext.jsx": {"path":"C:\\Users\\Nathan\\Desktop\\CSE186\\asgn8\\frontend\\src\\context\\IsMobileContext.jsx","all":false,"statementMap":{"0":{"start":{"line":1,"column":0},"end":{"line":1,"column":48}},"1":{"start":{"line":2,"column":0},"end":{"line":2,"column":46}},"2":{"start":{"line":3,"column":0},"end":{"line":3,"column":56}},"3":{"start":{"line":4,"column":0},"end":{"line":4,"column":35}},"5":{"start":{"line":6,"column":0},"end":{"line":6,"column":40}},"7":{"start":{"line":8,"column":0},"end":{"line":8,"column":49}},"8":{"start":{"line":9,"column":0},"end":{"line":9,"column":27}},"9":{"start":{"line":10,"column":0},"end":{"line":10,"column":63}},"11":{"start":{"line":12,"column":0},"end":{"line":12,"column":10}},"12":{"start":{"line":13,"column":0},"end":{"line":13,"column":47}},"13":{"start":{"line":14,"column":0},"end":{"line":14,"column":16}},"14":{"start":{"line":15,"column":0},"end":{"line":15,"column":31}},"16":{"start":{"line":17,"column":0},"end":{"line":17,"column":2}},"18":{"start":{"line":19,"column":0},"end":{"line":19,"column":30}},"19":{"start":{"line":20,"column":0},"end":{"line":20,"column":38}},"20":{"start":{"line":21,"column":0},"end":{"line":21,"column":2}},"22":{"start":{"line":23,"column":0},"end":{"line":23,"column":61}}},"s":{"0":1,"1":1,"2":1,"3":1,"5":1,"7":1,"8":1,"9":1,"11":1,"12":1,"13":1,"14":1,"16":1,"18":1,"19":1,"20":1,"22":1},"branchMap":{"0":{"type":"branch","line":8,"loc":{"start":{"line":8,"column":32},"end":{"line":17,"column":2}},"locations":[{"start":{"line":8,"column":32},"end":{"line":17,"column":2}}]},"1":{"type":"branch","line":23,"loc":{"start":{"line":23,"column":27},"end":{"line":23,"column":61}},"locations":[{"start":{"line":23,"column":27},"end":{"line":23,"column":61}}]}},"b":{"0":[1],"1":[49]},"fnMap":{"0":{"name":"IsMobileProvider","decl":{"start":{"line":8,"column":32},"end":{"line":17,"column":2}},"loc":{"start":{"line":8,"column":32},"end":{"line":17,"column":2}},"line":8},"1":{"name":"useIsMobile","decl":{"start":{"line":23,"column":27},"end":{"line":23,"column":61}},"loc":{"start":{"line":23,"column":27},"end":{"line":23,"column":61}},"line":23}},"f":{"0":1,"1":49}}
,"C:\\Users\\Nathan\\Desktop\\CSE186\\asgn8\\frontend\\src\\context\\MessagesContext.jsx": {"path":"C:\\Users\\Nathan\\Desktop\\CSE186\\asgn8\\frontend\\src\\context\\MessagesContext.jsx","all":false,"statementMap":{"0":{"start":{"line":1,"column":0},"end":{"line":1,"column":58}},"1":{"start":{"line":2,"column":0},"end":{"line":2,"column":35}},"2":{"start":{"line":3,"column":0},"end":{"line":3,"column":46}},"5":{"start":{"line":6,"column":0},"end":{"line":6,"column":40}},"8":{"start":{"line":9,"column":0},"end":{"line":9,"column":49}},"9":{"start":{"line":10,"column":0},"end":{"line":10,"column":47}},"10":{"start":{"line":11,"column":0},"end":{"line":11,"column":48}},"11":{"start":{"line":12,"column":0},"end":{"line":12,"column":41}},"12":{"start":{"line":13,"column":0},"end":{"line":13,"column":32}},"14":{"start":{"line":15,"column":0},"end":{"line":15,"column":37}},"15":{"start":{"line":16,"column":0},"end":{"line":16,"column":21}},"16":{"start":{"line":17,"column":0},"end":{"line":17,"column":91}},"17":{"start":{"line":18,"column":0},"end":{"line":18,"column":20}},"18":{"start":{"line":19,"column":0},"end":{"line":19,"column":16}},"19":{"start":{"line":20,"column":0},"end":{"line":20,"column":65}},"20":{"start":{"line":21,"column":0},"end":{"line":21,"column":8}},"21":{"start":{"line":22,"column":0},"end":{"line":22,"column":7}},"23":{"start":{"line":24,"column":0},"end":{"line":24,"column":39}},"24":{"start":{"line":25,"column":0},"end":{"line":25,"column":22}},"26":{"start":{"line":27,"column":0},"end":{"line":27,"column":22}},"27":{"start":{"line":28,"column":0},"end":{"line":28,"column":4}},"29":{"start":{"line":30,"column":0},"end":{"line":30,"column":55}},"30":{"start":{"line":31,"column":0},"end":{"line":31,"column":97}},"31":{"start":{"line":32,"column":0},"end":{"line":32,"column":21}},"32":{"start":{"line":33,"column":0},"end":{"line":33,"column":16}},"33":{"start":{"line":34,"column":0},"end":{"line":34,"column":43}},"34":{"start":{"line":35,"column":0},"end":{"line":35,"column":67}},"35":{"start":{"line":36,"column":0},"end":{"line":36,"column":8}},"36":{"start":{"line":37,"column":0},"end":{"line":37,"column":38}},"37":{"start":{"line":38,"column":0},"end":{"line":38,"column":7}},"39":{"start":{"line":40,"column":0},"end":{"line":40,"column":45}},"40":{"start":{"line":41,"column":0},"end":{"line":41,"column":26}},"41":{"start":{"line":42,"column":0},"end":{"line":42,"column":22}},"42":{"start":{"line":43,"column":0},"end":{"line":43,"column":4}},"44":{"start":{"line":45,"column":0},"end":{"line":45,"column":46}},"45":{"start":{"line":46,"column":0},"end":{"line":46,"column":71}},"46":{"start":{"line":47,"column":0},"end":{"line":47,"column":23}},"47":{"start":{"line":48,"column":0},"end":{"line":48,"column":16}},"48":{"start":{"line":49,"column":0},"end":{"line":49,"column":65}},"49":{"start":{"line":50,"column":0},"end":{"line":50,"column":8}},"50":{"start":{"line":51,"column":0},"end":{"line":51,"column":7}},"52":{"start":{"line":53,"column":0},"end":{"line":53,"column":26}},"53":{"start":{"line":54,"column":0},"end":{"line":54,"column":4}},"55":{"start":{"line":56,"column":0},"end":{"line":56,"column":10}},"56":{"start":{"line":57,"column":0},"end":{"line":57,"column":38}},"57":{"start":{"line":58,"column":0},"end":{"line":58,"column":15}},"58":{"start":{"line":59,"column":0},"end":{"line":59,"column":20}},"59":{"start":{"line":60,"column":0},"end":{"line":60,"column":20}},"60":{"start":{"line":61,"column":0},"end":{"line":61,"column":20}},"61":{"start":{"line":62,"column":0},"end":{"line":62,"column":14}},"62":{"start":{"line":63,"column":0},"end":{"line":63,"column":7}},"63":{"start":{"line":64,"column":0},"end":{"line":64,"column":16}},"64":{"start":{"line":65,"column":0},"end":{"line":65,"column":31}},"66":{"start":{"line":67,"column":0},"end":{"line":67,"column":2}},"68":{"start":{"line":69,"column":0},"end":{"line":69,"column":30}},"69":{"start":{"line":70,"column":0},"end":{"line":70,"column":38}},"70":{"start":{"line":71,"column":0},"end":{"line":71,"column":2}},"73":{"start":{"line":74,"column":0},"end":{"line":74,"column":61}}},"s":{"0":1,"1":1,"2":1,"5":1,"8":1,"9":23,"10":23,"11":23,"12":23,"14":23,"15":6,"16":6,"17":6,"18":6,"19":6,"20":6,"21":6,"23":5,"24":5,"26":5,"27":6,"29":23,"30":2,"31":2,"32":2,"33":2,"34":2,"35":2,"36":2,"37":2,"39":2,"40":2,"41":1,"42":2,"44":23,"45":1,"46":1,"47":1,"48":1,"49":1,"50":1,"52":0,"53":1,"55":23,"56":23,"57":23,"58":23,"59":23,"60":23,"61":23,"62":23,"63":23,"64":23,"66":23,"68":1,"69":1,"70":1,"73":1},"branchMap":{"0":{"type":"branch","line":9,"loc":{"start":{"line":9,"column":32},"end":{"line":67,"column":2}},"locations":[{"start":{"line":9,"column":32},"end":{"line":67,"column":2}}]},"1":{"type":"branch","line":15,"loc":{"start":{"line":15,"column":24},"end":{"line":28,"column":4}},"locations":[{"start":{"line":15,"column":24},"end":{"line":28,"column":4}}]},"2":{"type":"branch","line":22,"loc":{"start":{"line":22,"column":5},"end":{"line":27,"column":22}},"locations":[{"start":{"line":22,"column":5},"end":{"line":27,"column":22}}]},"3":{"type":"branch","line":30,"loc":{"start":{"line":30,"column":24},"end":{"line":43,"column":4}},"locations":[{"start":{"line":30,"column":24},"end":{"line":43,"column":4}}]},"4":{"type":"branch","line":41,"loc":{"start":{"line":41,"column":24},"end":{"line":42,"column":22}},"locations":[{"start":{"line":41,"column":24},"end":{"line":42,"column":22}}]},"5":{"type":"branch","line":45,"loc":{"start":{"line":45,"column":24},"end":{"line":54,"column":4}},"locations":[{"start":{"line":45,"column":24},"end":{"line":54,"column":4}}]},"6":{"type":"branch","line":51,"loc":{"start":{"line":51,"column":5},"end":{"line":53,"column":26}},"locations":[{"start":{"line":51,"column":5},"end":{"line":53,"column":26}}]},"7":{"type":"branch","line":74,"loc":{"start":{"line":74,"column":27},"end":{"line":74,"column":61}},"locations":[{"start":{"line":74,"column":27},"end":{"line":74,"column":61}}]}},"b":{"0":[23],"1":[6],"2":[5],"3":[2],"4":[1],"5":[1],"6":[0],"7":[46]},"fnMap":{"0":{"name":"MessagesProvider","decl":{"start":{"line":9,"column":32},"end":{"line":67,"column":2}},"loc":{"start":{"line":9,"column":32},"end":{"line":67,"column":2}},"line":9},"1":{"name":"fetchMessages","decl":{"start":{"line":15,"column":24},"end":{"line":28,"column":4}},"loc":{"start":{"line":15,"column":24},"end":{"line":28,"column":4}},"line":15},"2":{"name":"createMessage","decl":{"start":{"line":30,"column":24},"end":{"line":43,"column":4}},"loc":{"start":{"line":30,"column":24},"end":{"line":43,"column":4}},"line":30},"3":{"name":"deleteMessage","decl":{"start":{"line":45,"column":24},"end":{"line":54,"column":4}},"loc":{"start":{"line":45,"column":24},"end":{"line":54,"column":4}},"line":45},"4":{"name":"useMessages","decl":{"start":{"line":74,"column":27},"end":{"line":74,"column":61}},"loc":{"start":{"line":74,"column":27},"end":{"line":74,"column":61}},"line":74}},"f":{"0":23,"1":6,"2":2,"3":1,"4":46}}
[...]
1":1,"11":1,"12":1,"13":1,"14":1,"15":1,"16":1,"17":1,"18":1,"20":1,"21":46,"22":46,"23":46,"24":46,"25":46,"26":46,"27":46,"29":46,"31":46,"32":6,"33":3,"34":3,"35":46,"38":46,"39":7,"40":7,"41":7,"42":7,"43":0,"44":0,"45":46,"48":46,"49":2,"50":2,"51":1,"52":1,"53":1,"54":2,"57":46,"58":46,"60":46,"61":42,"62":42,"63":28,"64":28,"65":42,"66":46,"68":46,"69":46,"72":46,"73":28,"74":28,"75":28,"76":28,"77":28,"78":28,"79":28,"82":46,"84":46,"85":46,"86":46,"87":46,"88":46,"89":46,"90":46,"91":46,"93":46,"94":46,"95":46,"97":46,"98":46,"99":46,"100":46,"101":46,"103":46,"104":46,"105":46,"106":46,"108":46,"110":46,"111":15,"113":46,"114":43,"115":28,"116":28,"117":28,"118":28,"119":28,"120":28,"121":28,"122":28,"123":28,"124":28,"126":28,"127":28,"129":28,"130":42,"131":42,"132":42,"133":42,"134":42,"135":42,"136":42,"137":42,"138":42,"139":42,"140":42,"141":42,"142":42,"143":42,"144":42,"145":42,"146":42,"147":42,"149":42,"150":42,"151":42,"152":42,"153":42,"154":42,"155":42,"156":42,"158":42,"159":42,"160":42,"162":42,"163":14,"164":14,"165":14,"166":14,"168":14,"169":14,"171":42,"173":28,"174":28,"175":43,"176":46,"177":46,"178":46,"179":46,"180":46,"181":46,"182":46,"183":46,"184":46,"185":46,"186":46,"187":46,"188":46,"190":46,"191":46,"192":46,"193":46,"194":46,"195":46,"196":46,"197":46,"198":46,"199":46,"200":46,"201":46,"202":46,"203":46,"204":46,"205":46,"206":46,"207":46,"208":46,"210":46,"211":46,"214":46,"215":46,"217":46,"219":1},"branchMap":{"0":{"type":"branch","line":21,"loc":{"start":{"line":21,"column":16},"end":{"line":218,"column":2}},"locations":[{"start":{"line":21,"column":16},"end":{"line":218,"column":2}}]},"1":{"type":"branch","line":100,"loc":{"start":{"line":100,"column":18},"end":{"line":100,"column":53}},"locations":[{"start":{"line":100,"column":18},"end":{"line":100,"column":53}}]},"2":{"type":"branch","line":109,"loc":{"start":{"line":109,"column":9},"end":{"line":109,"column":41}},"locations":[{"start":{"line":109,"column":9},"end":{"line":109,"column":41}}]},"3":{"type":"branch","line":111,"loc":{"start":{"line":111,"column":10},"end":{"line":111,"column":47}},"locations":[{"start":{"line":111,"column":10},"end":{"line":111,"column":47}}]},"4":{"type":"branch","line":111,"loc":{"start":{"line":111,"column":41},"end":{"line":112,"column":69}},"locations":[{"start":{"line":111,"column":41},"end":{"line":112,"column":69}}]},"5":{"type":"branch","line":114,"loc":{"start":{"line":114,"column":10},"end":{"line":176,"column":13}},"locations":[{"start":{"line":114,"column":10},"end":{"line":176,"column":13}}]},"6":{"type":"branch","line":182,"loc":{"start":{"line":182,"column":18},"end":{"line":182,"column":34}},"locations":[{"start":{"line":182,"column":18},"end":{"line":182,"column":34}}]},"7":{"type":"branch","line":215,"loc":{"start":{"line":215,"column":7},"end":{"line":215,"column":33}},"locations":[{"start":{"line":215,"column":7},"end":{"line":215,"column":33}}]},"8":{"type":"branch","line":32,"loc":{"start":{"line":32,"column":12},"end":{"line":36,"column":5}},"locations":[{"start":{"line":32,"column":12},"end":{"line":36,"column":5}}]},"9":{"type":"branch","line":33,"loc":{"start":{"line":33,"column":19},"end":{"line":35,"column":5}},"locations":[{"start":{"line":33,"column":19},"end":{"line":35,"column":5}}]},"10":{"type":"branch","line":39,"loc":{"start":{"line":39,"column":12},"end":{"line":46,"column":5}},"locations":[{"start":{"line":39,"column":12},"end":{"line":46,"column":5}}]},"11":{"type":"branch","line":43,"loc":{"start":{"line":43,"column":6},"end":{"line":45,"column":5}},"locations":[{"start":{"line":43,"column":6},"end":{"line":45,"column":5}}]},"12":{"type":"branch","line":49,"loc":{"start":{"line":49,"column":28},"end":{"line":55,"column":4}},"locations":[{"start":{"line":49,"column":28},"end":{"line":55,"column":4}}]},"13":{"type":"branch","line":51,"loc":{"start":{"line":51,"column":49},"end":{"line":54,"column":5}},"locations":[{"start":{"line":51,"column":49},"end":{"line":54,"column":5}}]},"14":{"type":"branch","line":58,"loc":{"start":{"line":58,"column":30},"end":{"line":70,"column":4}},"locations":[{"start":{"line":58,"column":30},"end":{"line":70,"column":4}}]},"15":{"type":"branch","line":61,"loc":{"start":{"line":61,"column":21},"end":{"line":67,"column":5}},"locations":[{"start":{"line":61,"column":21},"end":{"line":67,"column":5}}]},"16":{"type":"branch","line":63,"loc":{"start":{"line":63,"column":34},"end":{"line":65,"column":7}},"locations":[{"start":{"line":63,"column":34},"end":{"line":65,"column":7}}]},"17":{"type":"branch","line":73,"loc":{"start":{"line":73,"column":21},"end":{"line":80,"column":4}},"locations":[{"start":{"line":73,"column":21},"end":{"line":80,"column":4}}]},"18":{"type":"branch","line":115,"loc":{"start":{"line":115,"column":46},"end":{"line":175,"column":18}},"locations":[{"start":{"line":115,"column":46},"end":{"line":175,"column":18}}]},"19":{"type":"branch","line":130,"loc":{"start":{"line":130,"column":28},"end":{"line":174,"column":15}},"locations":[{"start":{"line":130,"column":28},"end":{"line":174,"column":15}}]},"20":{"type":"branch","line":163,"loc":{"start":{"line":163,"column":30},"end":{"line":170,"column":35}},"locations":[{"start":{"line":163,"column":30},"end":{"line":170,"column":35}}]},"21":{"type":"branch","line":167,"loc":{"start":{"line":167,"column":33},"end":{"line":167,"column":65}},"locations":[{"start":{"line":167,"column":33},"end":{"line":167,"column":65}}]},"22":{"type":"branch","line":187,"loc":{"start":{"line":187,"column":18},"end":{"line":187,"column":49}},"locations":[{"start":{"line":187,"column":18},"end":{"line":187,"column":49}}]},"23":{"type":"branch","line":197,"loc":{"start":{"line":197,"column":20},"end":{"line":197,"column":59}},"locations":[{"start":{"line":197,"column":20},"end":{"line":197,"column":59}}]}},"b":{"0":[46],"1":[0],"2":[3],"3":[43],"4":[15],"5":[43],"6":[0],"7":[0],"8":[6],"9":[3],"10":[7],"11":[0],"12":[2],"13":[1],"14":[46],"15":[42],"16":[28],"17":[28],"18":[28],"19":[42],"20":[14],"21":[1],"22":[46],"23":[24]},"fnMap":{"0":{"name":"Channel","decl":{"start":{"line":21,"column":16},"end":{"line":218,"column":2}},"loc":{"start":{"line":21,"column":16},"end":{"line":218,"column":2}},"line":21},"1":{"name":"handleSendMessage","decl":{"start":{"line":49,"column":28},"end":{"line":55,"column":4}},"loc":{"start":{"line":49,"column":28},"end":{"line":55,"column":4}},"line":49},"2":{"name":"groupMessagesByDate","decl":{"start":{"line":58,"column":30},"end":{"line":70,"column":4}},"loc":{"start":{"line":58,"column":30},"end":{"line":70,"column":4}},"line":58},"3":{"name":"formatDate","decl":{"start":{"line":73,"column":21},"end":{"line":80,"column":4}},"loc":{"start":{"line":73,"column":21},"end":{"line":80,"column":4}},"line":73},"4":{"name":"onClick","decl":{"start":{"line":167,"column":33},"end":{"line":167,"column":65}},"loc":{"start":{"line":167,"column":33},"end":{"line":167,"column":65}},"line":167},"5":{"name":"zIndex","decl":{"start":{"line":187,"column":18},"end":{"line":187,"column":49}},"loc":{"start":{"line":187,"column":18},"end":{"line":187,"column":49}},"line":187},"6":{"name":"onChange","decl":{"start":{"line":197,"column":20},"end":{"line":197,"column":59}},"loc":{"start":{"line":197,"column":20},"end":{"line":197,"column":59}},"line":197}},"f":{"0":46,"1":2,"2":46,"3":28,"4":1,"5":46,"6":24}}
,"C:\\Users\\Nathan\\Desktop\\CSE186\\asgn8\\frontend\\src\\routes\\Home.jsx": {"path":"C:\\Users\\Nathan\\Desktop\\CSE186\\asgn8\\frontend\\src\\routes\\Home.jsx","all":false,"statementMap":{"0":{"start":{"line":1,"column":0},"end":{"line":1,"column":59}},"1":{"start":{"line":2,"column":0},"end":{"line":2,"column":42}},"2":{"start":{"line":3,"column":0},"end":{"line":3,"column":44}},"3":{"start":{"line":4,"column":0},"end":{"line":4,"column":48}},"4":{"start":{"line":5,"column":0},"end":{"line":5,"column":55}},"5":{"start":{"line":6,"column":0},"end":{"line":6,"column":57}},"7":{"start":{"line":8,"column":0},"end":{"line":8,"column":20}},"8":{"start":{"line":9,"column":0},"end":{"line":9,"column":33}},"9":{"start":{"line":10,"column":0},"end":{"line":10,"column":44}},"11":{"start":{"line":12,"column":0},"end":{"line":12,"column":10}},"12":{"start":{"line":13,"column":0},"end":{"line":13,"column":32}},"13":{"start":{"line":14,"column":0},"end":{"line":14,"column":21}},"14":{"start":{"line":15,"column":0},"end":{"line":15,"column":17}},"15":{"start":{"line":16,"column":0},"end":{"line":16,"column":10}},"16":{"start":{"line":17,"column":0},"end":{"line":17,"column":13}},"17":{"start":{"line":18,"column":0},"end":{"line":18,"column":22}},"18":{"start":{"line":19,"column":0},"end":{"line":19,"column":15}},"19":{"start":{"line":20,"column":0},"end":{"line":20,"column":55}},"20":{"start":{"line":21,"column":0},"end":{"line":21,"column":28}},"21":{"start":{"line":22,"column":0},"end":{"line":22,"column":10}},"24":{"start":{"line":25,"column":0},"end":{"line":25,"column":23}},"25":{"start":{"line":26,"column":0},"end":{"line":26,"column":51}},"26":{"start":{"line":27,"column":0},"end":{"line":27,"column":42}},"27":{"start":{"line":28,"column":0},"end":{"line":28,"column":23}},"31":{"start":{"line":32,"column":0},"end":{"line":32,"column":12}},"34":{"start":{"line":35,"column":0},"end":{"line":35,"column":16}},"35":{"start":{"line":36,"column":0},"end":{"line":36,"column":19}},"36":{"start":{"line":37,"column":0},"end":{"line":37,"column":10}},"38":{"start":{"line":39,"column":0},"end":{"line":39,"column":2}},"40":{"start":{"line":41,"column":0},"end":{"line":41,"column":20}}},"s":{"0":1,"1":1,"2":1,"3":1,"4":1,"5":1,"7":1,"8":3,"9":3,"11":3,"12":3,"13":3,"14":3,"15":3,"16":3,"17":3,"18":3,"19":3,"20":3,"21":3,"24":3,"25":3,"26":3,"27":3,"31":3,"34":3,"35":3,"36":3,"38":3,"40":1},"branchMap":{"0":{"type":"branch","line":8,"loc":{"start":{"line":8,"column":13},"end":{"line":39,"column":2}},"locations":[{"start":{"line":8,"column":13},"end":{"line":39,"column":2}}]}},"b":{"0":[3]},"fnMap":{"0":{"name":"Home","decl":{"start":{"line":8,"column":13},"end":{"line":39,"column":2}},"loc":{"start":{"line":8,"column":13},"end":{"line":39,"column":2}},"line":8}},"f":{"0":3}}
,"C:\\Users\\Nathan\\Desktop\\CSE186\\asgn8\\frontend\\src\\routes\\Login.jsx": {"path":"C:\\Users\\Nathan\\Desktop\\CSE186\\asgn8\\frontend\\src\\routes\\Login.jsx","all":false,"statementMap":{"0":{"start":{"line":1,"column":0},"end":{"line":1,"column":31}},"1":{"start":{"line":2,"column":0},"end":{"line":2,"column":8}},"10":{"start":{"line":11,"column":0},"end":{"line":11,"column":47}},"11":{"start":{"line":12,"column":0},"end":{"line":12,"column":45}},"13":{"start":{"line":14,"column":0},"end":{"line":14,"column":21}},"14":{"start":{"line":15,"column":0},"end":{"line":15,"column":41}},"15":{"start":{"line":16,"column":0},"end":{"line":16,"column":47}},"16":{"start":{"line":17,"column":0},"end":{"line":17,"column":41}},"17":{"start":{"line":18,"column":0},"end":{"line":18,"column":28}},"18":{"start":{"line":19,"column":0},"end":{"line":19,"column":33}},"20":{"start":{"line":21,"column":0},"end":{"line":21,"column":41}},"21":{"start":{"line":22,"column":0},"end":{"line":22,"column":27}},"22":{"start":{"line":23,"column":0},"end":{"line":23,"column":17}},"23":{"start":{"line":24,"column":0},"end":{"line":24,"column":9}},"24":{"start":{"line":25,"column":0},"end":{"line":25,"column":35}},"25":{"start":{"line":26,"column":0},"end":{"line":26,"column":20}},"26":{"start":{"line":27,"column":0},"end":{"line":27,"column":13}},"27":{"start":{"line":28,"column":0},"end":{"line":28,"column":51}},"28":{"start":{"line":29,"column":0},"end":{"line":29,"column":5}},"29":{"start":{"line":30,"column":0},"end":{"line":30,"column":4}},"31":{"start":{"line":32,"column":0},"end":{"line":32,"column":10}},"32":{"start":{"line":33,"column":0},"end":{"line":33,"column":29}},"33":{"start":{"line":34,"column":0},"end":{"line":34,"column":59}},"34":{"start":{"line":35,"column":0},"end":{"line":35,"column":12}},"35":{"start":{"line":36,"column":0},"end":{"line":36,"column":15}},"36":{"start":{"line":37,"column":0},"end":{"line":37,"column":28}},"37":{"start":{"line":38,"column":0},"end":{"line":38,"column":36}},"38":{"start":{"line":39,"column":0},"end":{"line":39,"column":33}},"39":{"start":{"line":40,"column":0},"end":{"line":40,"column":12}},"41":{"start":{"line":42,"column":0},"end":{"line":42,"column":63}},"43":{"start":{"line":44,"column":0},"end":{"line":44,"column":23}},"44":{"start":{"line":45,"column":0},"end":{"line":45,"column":77}},"45":{"start":{"line":46,"column":0},"end":{"line":46,"column":40}},"46":{"start":{"line":47,"column":0},"end":{"line":47,"column":33}},"47":{"start":{"line":48,"column":0},"end":{"line":48,"column":26}},"48":{"start":{"line":49,"column":0},"end":{"line":49,"column":27}},"49":{"start":{"line":50,"column":0},"end":{"line":50,"column":31}},"50":{"start":{"line":51,"column":0},"end":{"line":51,"column":30}},"51":{"start":{"line":52,"column":0},"end":{"line":52,"column":38}},"52":{"start":{"line":53,"column":0},"end":{"line":53,"column":31}},"53":{"start":{"line":54,"column":0},"end":{"line":54,"column":60}},"54":{"start":{"line":55,"column":0},"end":{"line":55,"column":18}},"55":{"start":{"line":56,"column":0},"end":{"line":56,"column":21}},"56":{"start":{"line":57,"column":0},"end":{"line":57,"column":33}},"57":{"start":{"line":58,"column":0},"end":{"line":58,"column":26}},"58":{"start":{"line":59,"column":0},"end":{"line":59,"column":27}},"59":{"start":{"line":60,"column":0},"end":{"line":60,"column":34}},"60":{"start":{"line":61,"column":0},"end":{"line":61,"column":33}},"61":{"start":{"line":62,"column":0},"end":{"line":62,"column":49}},"62":{"start":{"line":63,"column":0},"end":{"line":63,"column":34}},"63":{"start":{"line":64,"column":0},"end":{"line":64,"column":63}},"64":{"start":{"line":65,"column":0},"end":{"line":65,"column":18}},"65":{"start":{"line":66,"column":0},"end":{"line":66,"column":21}},"67":{"start":{"line":68,"column":0},"end":{"line":68,"column":25}},"68":{"start":{"line":69,"column":0},"end":{"line":69,"column":35}},"69":{"start":{"line":70,"column":0},"end":{"line":70,"column":29}},"70":{"start":{"line":71,"column":0},"end":{"line":71,"column":33}},"71":{"start":{"line":72,"column":0},"end":{"line":72,"column":35}},"72":{"start":{"line":73,"column":0},"end":{"line":73,"column":27}},"73":{"start":{"line":74,"column":0},"end":{"line":74,"column":31}},"74":{"start":{"line":75,"column":0},"end":{"line":75,"column":23}},"76":{"start":{"line":77,"column":0},"end":{"line":77,"column":33}},"77":{"start":{"line":78,"column":0},"end":{"line":78,"column":23}},"78":{"start":{"line":79,"column":0},"end":{"line":79,"column":31}},"79":{"start":{"line":80,"column":0},"end":{"line":80,"column":27}},"80":{"start":{"line":81,"column":0},"end":{"line":81,"column":37}},"81":{"start":{"line":82,"column":0},"end":{"line":82,"column":37}},"82":{"start":{"line":83,"column":0},"end":{"line":83,"column":44}},"83":{"start":{"line":84,"column":0},"end":{"line":84,"column":17}},"85":{"start":{"line":86,"column":0},"end":{"line":86,"column":25}},"86":{"start":{"line":87,"column":0},"end":{"line":87,"column":21}},"87":{"start":{"line":88,"column":0},"end":{"line":88,"column":19}},"88":{"start":{"line":89,"column":0},"end":{"line":89,"column":16}},"89":{"start":{"line":90,"column":0},"end":{"line":90,"column":14}},"90":{"start":{"line":91,"column":0},"end":{"line":91,"column":14}},"91":{"start":{"line":92,"column":0},"end":{"line":92,"column":16}},"93":{"start":{"line":94,"column":0},"end":{"line":94,"column":2}},"95":{"start":{"line":96,"column":0},"end":{"line":96,"column":21}}},"s":{"0":1,"1":1,"10":1,"11":1,"13":1,"14":17,"15":17,"16":17,"17":17,"18":17,"20":17,"21":2,"22":2,"23":2,"24":2,"25":1,"26":1,"27":1,"28":1,"29":2,"31":17,"32":17,"33":17,"34":17,"35":17,"36":17,"37":17,"38":17,"39":17,"41":17,"43":17,"44":17,"45":17,"46":17,"47":17,"48":17,"49":17,"50":17,"51":17,"52":17,"53":17,"54":17,"55":17,"56":17,"57":17,"58":17,"59":17,"60":17,"61":17,"62":17,"63":17,"64":17,"65":17,"67":17,"68":2,"69":2,"70":2,"71":2,"72":2,"73":2,"74":2,"76":17,"77":17,"78":17,"79":17,"80":17,"81":17,"82":17,"83":17,"85":17,"86":17,"87":17,"88":17,"89":17,"90":17,"91":17,"93":17,"95":1},"branchMap":{"0":{"type":"branch","line":14,"loc":{"start":{"line":14,"column":14},"end":{"line":94,"column":2}},"locations":[{"start":{"line":14,"column":14},"end":{"line":94,"column":2}}]},"1":{"type":"branch","line":68,"loc":{"start":{"line":68,"column":15},"end":{"line":75,"column":23}},"locations":[{"start":{"line":68,"column":15},"end":{"line":75,"column":23}}]},"2":{"type":"branch","line":21,"loc":{"start":{"line":21,"column":23},"end":{"line":30,"column":4}},"locations":[{"start":{"line":21,"column":23},"end":{"line":30,"column":4}}]},"3":{"type":"branch","line":25,"loc":{"start":{"line":25,"column":33},"end":{"line":29,"column":5}},"locations":[{"start":{"line":25,"column":33},"end":{"line":29,"column":5}}]},"4":{"type":"branch","line":54,"loc":{"start":{"line":54,"column":28},"end":{"line":54,"column":60}},"locations":[{"start":{"line":54,"column":28},"end":{"line":54,"column":60}}]},"5":{"type":"branch","line":64,"loc":{"start":{"line":64,"column":28},"end":{"line":64,"column":63}},"locations":[{"start":{"line":64,"column":28},"end":{"line":64,"column":63}}]}},"b":{"0":[17],"1":[2],"2":[2],"3":[1],"4":[3],"5":[4]},"fnMap":{"0":{"name":"Login","decl":{"start":{"line":14,"column":14},"end":{"line":94,"column":2}},"loc":{"start":{"line":14,"column":14},"end":{"line":94,"column":2}},"line":14},"1":{"name":"handleSubmit","decl":{"start":{"line":21,"column":23},"end":{"line":30,"column":4}},"loc":{"start":{"line":21,"column":23},"end":{"line":30,"column":4}},"line":21},"2":{"name":"onChange","decl":{"start":{"line":54,"column":28},"end":{"line":54,"column":60}},"loc":{"start":{"line":54,"column":28},"end":{"line":54,"column":60}},"line":54},"3":{"name":"onChange","decl":{"start":{"line":64,"column":28},"end":{"line":64,"column":63}},"loc":{"start":{"line":64,"column":28},"end":{"line":64,"column":63}},"line":64}},"f":{"0":17,"1":2,"2":3,"3":4}}
,"C:\\Users\\Nathan\\Desktop\\CSE186\\asgn8\\frontend\\src\\routes\\ProtectedRoute.jsx": {"path":"C:\\Users\\Nathan\\Desktop\\CSE186\\asgn8\\frontend\\src\\routes\\ProtectedRoute.jsx","all":false,"statementMap":{"0":{"start":{"line":1,"column":0},"end":{"line":1,"column":42}},"1":{"start":{"line":2,"column":0},"end":{"line":2,"column":47}},"2":{"start":{"line":3,"column":0},"end":{"line":3,"column":35}},"4":{"start":{"line":5,"column":0},"end":{"line":5,"column":40}},"5":{"start":{"line":6,"column":0},"end":{"line":6,"column":27}},"7":{"start":{"line":8,"column":0},"end":{"line":8,"column":14}},"8":{"start":{"line":9,"column":0},"end":{"line":9,"column":44}},"9":{"start":{"line":10,"column":0},"end":{"line":10,"column":3}},"11":{"start":{"line":12,"column":0},"end":{"line":12,"column":18}},"12":{"start":{"line":13,"column":0},"end":{"line":13,"column":2}},"14":{"start":{"line":15,"column":0},"end":{"line":15,"column":28}},"15":{"start":{"line":16,"column":0},"end":{"line":16,"column":38}},"16":{"start":{"line":17,"column":0},"end":{"line":17,"column":2}},"18":{"start":{"line":19,"column":0},"end":{"line":19,"column":30}}},"s":{"0":1,"1":1,"2":1,"4":1,"5":2,"7":2,"8":1,"9":1,"11":1,"12":1,"14":1,"15":1,"16":1,"18":1},"branchMap":{"0":{"type":"branch","line":5,"loc":{"start":{"line":5,"column":23},"end":{"line":13,"column":2}},"locations":[{"start":{"line":5,"column":23},"end":{"line":13,"column":2}}]},"1":{"type":"branch","line":8,"loc":{"start":{"line":8,"column":13},"end":{"line":13,"column":2}},"locations":[{"start":{"line":8,"column":13},"end":{"line":13,"column":2}}]}},"b":{"0":[2],"1":[1]},"fnMap":{"0":{"name":"ProtectedRoute","decl":{"start":{"line":5,"column":23},"end":{"line":13,"column":2}},"loc":{"start":{"line":5,"column":23},"end":{"line":13,"column":2}},"line":5}},"f":{"0":2}}
}
